25-Sep-2019 20:13:36.761 INFO [main] org.apache.catalina.startup.VersionLoggerListener.log Server version name:   Apache Tomcat/9.0.24
25-Sep-2019 20:13:36.805 INFO [main] org.apache.catalina.startup.VersionLoggerListener.log Server built:          Aug 14 2019 21:16:42 UTC
25-Sep-2019 20:13:36.806 INFO [main] org.apache.catalina.startup.VersionLoggerListener.log Server version number: 9.0.24.0
25-Sep-2019 20:13:36.806 INFO [main] org.apache.catalina.startup.VersionLoggerListener.log OS Name:               Windows 10
25-Sep-2019 20:13:36.807 INFO [main] org.apache.catalina.startup.VersionLoggerListener.log OS Version:            10.0
25-Sep-2019 20:13:36.807 INFO [main] org.apache.catalina.startup.VersionLoggerListener.log Architecture:          amd64
25-Sep-2019 20:13:36.807 INFO [main] org.apache.catalina.startup.VersionLoggerListener.log Java Home:             C:\Program Files\Java\jre1.8.0_201
25-Sep-2019 20:13:36.807 INFO [main] org.apache.catalina.startup.VersionLoggerListener.log JVM Version:           1.8.0_201-b09
25-Sep-2019 20:13:36.807 INFO [main] org.apache.catalina.startup.VersionLoggerListener.log JVM Vendor:            Oracle Corporation
25-Sep-2019 20:13:36.808 INFO [main] org.apache.catalina.startup.VersionLoggerListener.log CATALINA_BASE:         C:\Users\xinru\Documents\bookhub\apache-tomcat-9.0.24-windows-x64\apache-tomcat-9.0.24
25-Sep-2019 20:13:36.808 INFO [main] org.apache.catalina.startup.VersionLoggerListener.log CATALINA_HOME:         C:\Users\xinru\Documents\bookhub\apache-tomcat-9.0.24-windows-x64\apache-tomcat-9.0.24
25-Sep-2019 20:13:36.812 INFO [main] org.apache.catalina.startup.VersionLoggerListener.log Command line argument: -Djava.util.logging.config.file=C:\Users\xinru\Documents\bookhub\apache-tomcat-9.0.24-windows-x64\apache-tomcat-9.0.24\conf\logging.properties
25-Sep-2019 20:13:36.812 INFO [main] org.apache.catalina.startup.VersionLoggerListener.log Command line argument: -Djava.util.logging.manager=org.apache.juli.ClassLoaderLogManager
25-Sep-2019 20:13:36.812 INFO [main] org.apache.catalina.startup.VersionLoggerListener.log Command line argument: -Djdk.tls.ephemeralDHKeySize=2048
25-Sep-2019 20:13:36.812 INFO [main] org.apache.catalina.startup.VersionLoggerListener.log Command line argument: -Djava.protocol.handler.pkgs=org.apache.catalina.webresources
25-Sep-2019 20:13:36.813 INFO [main] org.apache.catalina.startup.VersionLoggerListener.log Command line argument: -Dignore.endorsed.dirs=
25-Sep-2019 20:13:36.814 INFO [main] org.apache.catalina.startup.VersionLoggerListener.log Command line argument: -Dcatalina.base=C:\Users\xinru\Documents\bookhub\apache-tomcat-9.0.24-windows-x64\apache-tomcat-9.0.24
25-Sep-2019 20:13:36.817 INFO [main] org.apache.catalina.startup.VersionLoggerListener.log Command line argument: -Dcatalina.home=C:\Users\xinru\Documents\bookhub\apache-tomcat-9.0.24-windows-x64\apache-tomcat-9.0.24
25-Sep-2019 20:13:36.819 INFO [main] org.apache.catalina.startup.VersionLoggerListener.log Command line argument: -Djava.io.tmpdir=C:\Users\xinru\Documents\bookhub\apache-tomcat-9.0.24-windows-x64\apache-tomcat-9.0.24\temp
25-Sep-2019 20:13:36.854 INFO [main] org.apache.catalina.core.AprLifecycleListener.lifecycleEvent Loaded APR based Apache Tomcat Native library [1.2.23] using APR version [1.7.0].
25-Sep-2019 20:13:36.857 INFO [main] org.apache.catalina.core.AprLifecycleListener.lifecycleEvent APR capabilities: IPv6 [true], sendfile [true], accept filters [false], random [true].
25-Sep-2019 20:13:36.859 INFO [main] org.apache.catalina.core.AprLifecycleListener.lifecycleEvent APR/OpenSSL configuration: useAprConnector [false], useOpenSSL [true]
25-Sep-2019 20:13:36.876 INFO [main] org.apache.catalina.core.AprLifecycleListener.initializeSSL OpenSSL successfully initialized [OpenSSL 1.1.1c  28 May 2019]
25-Sep-2019 20:13:40.741 INFO [main] org.apache.coyote.AbstractProtocol.init Initializing ProtocolHandler ["http-nio-8080"]
25-Sep-2019 20:13:41.320 INFO [main] org.apache.coyote.AbstractProtocol.init Initializing ProtocolHandler ["ajp-nio-8009"]
25-Sep-2019 20:13:41.325 INFO [main] org.apache.catalina.startup.Catalina.load Server initialization in [6,075] milliseconds
25-Sep-2019 20:13:41.380 INFO [main] org.apache.catalina.core.StandardService.startInternal Starting service [Catalina]
25-Sep-2019 20:13:41.380 INFO [main] org.apache.catalina.core.StandardEngine.startInternal Starting Servlet engine: [Apache Tomcat/9.0.24]
25-Sep-2019 20:13:41.408 INFO [main] org.apache.catalina.startup.HostConfig.deployDirectory Deploying web application directory [C:\Users\xinru\Documents\bookhub\apache-tomcat-9.0.24-windows-x64\apache-tomcat-9.0.24\webapps\bookhub]
25-Sep-2019 20:13:44.381 INFO [main] org.apache.catalina.startup.HostConfig.deployDirectory Deployment of web application directory [C:\Users\xinru\Documents\bookhub\apache-tomcat-9.0.24-windows-x64\apache-tomcat-9.0.24\webapps\bookhub] has finished in [2,973] ms
25-Sep-2019 20:13:44.381 INFO [main] org.apache.catalina.startup.HostConfig.deployDirectory Deploying web application directory [C:\Users\xinru\Documents\bookhub\apache-tomcat-9.0.24-windows-x64\apache-tomcat-9.0.24\webapps\docs]
25-Sep-2019 20:13:44.432 INFO [main] org.apache.catalina.startup.HostConfig.deployDirectory Deployment of web application directory [C:\Users\xinru\Documents\bookhub\apache-tomcat-9.0.24-windows-x64\apache-tomcat-9.0.24\webapps\docs] has finished in [51] ms
25-Sep-2019 20:13:44.432 INFO [main] org.apache.catalina.startup.HostConfig.deployDirectory Deploying web application directory [C:\Users\xinru\Documents\bookhub\apache-tomcat-9.0.24-windows-x64\apache-tomcat-9.0.24\webapps\examples]
25-Sep-2019 20:13:46.149 INFO [main] org.apache.catalina.startup.HostConfig.deployDirectory Deployment of web application directory [C:\Users\xinru\Documents\bookhub\apache-tomcat-9.0.24-windows-x64\apache-tomcat-9.0.24\webapps\examples] has finished in [1,717] ms
25-Sep-2019 20:13:46.151 INFO [main] org.apache.catalina.startup.HostConfig.deployDirectory Deploying web application directory [C:\Users\xinru\Documents\bookhub\apache-tomcat-9.0.24-windows-x64\apache-tomcat-9.0.24\webapps\host-manager]
25-Sep-2019 20:13:46.219 INFO [main] org.apache.catalina.startup.HostConfig.deployDirectory Deployment of web application directory [C:\Users\xinru\Documents\bookhub\apache-tomcat-9.0.24-windows-x64\apache-tomcat-9.0.24\webapps\host-manager] has finished in [69] ms
25-Sep-2019 20:13:46.220 INFO [main] org.apache.catalina.startup.HostConfig.deployDirectory Deploying web application directory [C:\Users\xinru\Documents\bookhub\apache-tomcat-9.0.24-windows-x64\apache-tomcat-9.0.24\webapps\manager]
25-Sep-2019 20:13:46.293 INFO [main] org.apache.catalina.startup.HostConfig.deployDirectory Deployment of web application directory [C:\Users\xinru\Documents\bookhub\apache-tomcat-9.0.24-windows-x64\apache-tomcat-9.0.24\webapps\manager] has finished in [73] ms
25-Sep-2019 20:13:46.293 INFO [main] org.apache.catalina.startup.HostConfig.deployDirectory Deploying web application directory [C:\Users\xinru\Documents\bookhub\apache-tomcat-9.0.24-windows-x64\apache-tomcat-9.0.24\webapps\ROOT]
25-Sep-2019 20:13:46.343 INFO [main] org.apache.catalina.startup.HostConfig.deployDirectory Deployment of web application directory [C:\Users\xinru\Documents\bookhub\apache-tomcat-9.0.24-windows-x64\apache-tomcat-9.0.24\webapps\ROOT] has finished in [50] ms
25-Sep-2019 20:13:46.350 INFO [main] org.apache.coyote.AbstractProtocol.start Starting ProtocolHandler ["http-nio-8080"]
25-Sep-2019 20:13:46.365 INFO [main] org.apache.coyote.AbstractProtocol.start Starting ProtocolHandler ["ajp-nio-8009"]
25-Sep-2019 20:13:46.373 INFO [main] org.apache.catalina.startup.Catalina.start Server startup in [5,046] milliseconds
25-Sep-2019 20:17:25.346 INFO [main] org.apache.catalina.startup.VersionLoggerListener.log Server version name:   Apache Tomcat/9.0.24
25-Sep-2019 20:17:25.348 INFO [main] org.apache.catalina.startup.VersionLoggerListener.log Server built:          Aug 14 2019 21:16:42 UTC
25-Sep-2019 20:17:25.349 INFO [main] org.apache.catalina.startup.VersionLoggerListener.log Server version number: 9.0.24.0
25-Sep-2019 20:17:25.349 INFO [main] org.apache.catalina.startup.VersionLoggerListener.log OS Name:               Windows 10
25-Sep-2019 20:17:25.350 INFO [main] org.apache.catalina.startup.VersionLoggerListener.log OS Version:            10.0
25-Sep-2019 20:17:25.350 INFO [main] org.apache.catalina.startup.VersionLoggerListener.log Architecture:          amd64
25-Sep-2019 20:17:25.350 INFO [main] org.apache.catalina.startup.VersionLoggerListener.log Java Home:             C:\Program Files\Java\jre1.8.0_201
25-Sep-2019 20:17:25.350 INFO [main] org.apache.catalina.startup.VersionLoggerListener.log JVM Version:           1.8.0_201-b09
25-Sep-2019 20:17:25.351 INFO [main] org.apache.catalina.startup.VersionLoggerListener.log JVM Vendor:            Oracle Corporation
25-Sep-2019 20:17:25.351 INFO [main] org.apache.catalina.startup.VersionLoggerListener.log CATALINA_BASE:         C:\Users\xinru\Documents\bookhub\apache-tomcat-9.0.24-windows-x64\apache-tomcat-9.0.24
25-Sep-2019 20:17:25.351 INFO [main] org.apache.catalina.startup.VersionLoggerListener.log CATALINA_HOME:         C:\Users\xinru\Documents\bookhub\apache-tomcat-9.0.24-windows-x64\apache-tomcat-9.0.24
25-Sep-2019 20:17:25.352 INFO [main] org.apache.catalina.startup.VersionLoggerListener.log Command line argument: -Djava.util.logging.config.file=C:\Users\xinru\Documents\bookhub\apache-tomcat-9.0.24-windows-x64\apache-tomcat-9.0.24\conf\logging.properties
25-Sep-2019 20:17:25.352 INFO [main] org.apache.catalina.startup.VersionLoggerListener.log Command line argument: -Djava.util.logging.manager=org.apache.juli.ClassLoaderLogManager
25-Sep-2019 20:17:25.352 INFO [main] org.apache.catalina.startup.VersionLoggerListener.log Command line argument: -Djdk.tls.ephemeralDHKeySize=2048
25-Sep-2019 20:17:25.352 INFO [main] org.apache.catalina.startup.VersionLoggerListener.log Command line argument: -Djava.protocol.handler.pkgs=org.apache.catalina.webresources
25-Sep-2019 20:17:25.353 INFO [main] org.apache.catalina.startup.VersionLoggerListener.log Command line argument: -Dignore.endorsed.dirs=
25-Sep-2019 20:17:25.353 INFO [main] org.apache.catalina.startup.VersionLoggerListener.log Command line argument: -Dcatalina.base=C:\Users\xinru\Documents\bookhub\apache-tomcat-9.0.24-windows-x64\apache-tomcat-9.0.24
25-Sep-2019 20:17:25.356 INFO [main] org.apache.catalina.startup.VersionLoggerListener.log Command line argument: -Dcatalina.home=C:\Users\xinru\Documents\bookhub\apache-tomcat-9.0.24-windows-x64\apache-tomcat-9.0.24
25-Sep-2019 20:17:25.358 INFO [main] org.apache.catalina.startup.VersionLoggerListener.log Command line argument: -Djava.io.tmpdir=C:\Users\xinru\Documents\bookhub\apache-tomcat-9.0.24-windows-x64\apache-tomcat-9.0.24\temp
25-Sep-2019 20:17:25.359 INFO [main] org.apache.catalina.core.AprLifecycleListener.lifecycleEvent Loaded APR based Apache Tomcat Native library [1.2.23] using APR version [1.7.0].
25-Sep-2019 20:17:25.374 INFO [main] org.apache.catalina.core.AprLifecycleListener.lifecycleEvent APR capabilities: IPv6 [true], sendfile [true], accept filters [false], random [true].
25-Sep-2019 20:17:25.375 INFO [main] org.apache.catalina.core.AprLifecycleListener.lifecycleEvent APR/OpenSSL configuration: useAprConnector [false], useOpenSSL [true]
25-Sep-2019 20:17:25.381 INFO [main] org.apache.catalina.core.AprLifecycleListener.initializeSSL OpenSSL successfully initialized [OpenSSL 1.1.1c  28 May 2019]
25-Sep-2019 20:17:25.691 INFO [main] org.apache.coyote.AbstractProtocol.init Initializing ProtocolHandler ["http-nio-8080"]
25-Sep-2019 20:17:26.021 SEVERE [main] org.apache.catalina.util.LifecycleBase.handleSubClassException Failed to initialize component [Connector[HTTP/1.1-8080]]
	org.apache.catalina.LifecycleException: Protocol handler initialization failed
		at org.apache.catalina.connector.Connector.initInternal(Connector.java:983)
		at org.apache.catalina.util.LifecycleBase.init(LifecycleBase.java:136)
		at org.apache.catalina.core.StandardService.initInternal(StandardService.java:533)
		at org.apache.catalina.util.LifecycleBase.init(LifecycleBase.java:136)
		at org.apache.catalina.core.StandardServer.initInternal(StandardServer.java:1059)
		at org.apache.catalina.util.LifecycleBase.init(LifecycleBase.java:136)
		at org.apache.catalina.startup.Catalina.load(Catalina.java:584)
		at org.apache.catalina.startup.Catalina.load(Catalina.java:607)
		at sun.reflect.NativeMethodAccessorImpl.invoke0(Native Method)
		at sun.reflect.NativeMethodAccessorImpl.invoke(Unknown Source)
		at sun.reflect.DelegatingMethodAccessorImpl.invoke(Unknown Source)
		at java.lang.reflect.Method.invoke(Unknown Source)
		at org.apache.catalina.startup.Bootstrap.load(Bootstrap.java:304)
		at org.apache.catalina.startup.Bootstrap.main(Bootstrap.java:474)
	Caused by: java.net.BindException: Address already in use: bind
		at sun.nio.ch.Net.bind0(Native Method)
		at sun.nio.ch.Net.bind(Unknown Source)
		at sun.nio.ch.Net.bind(Unknown Source)
		at sun.nio.ch.ServerSocketChannelImpl.bind(Unknown Source)
		at sun.nio.ch.ServerSocketAdaptor.bind(Unknown Source)
		at org.apache.tomcat.util.net.NioEndpoint.initServerSocket(NioEndpoint.java:230)
		at org.apache.tomcat.util.net.NioEndpoint.bind(NioEndpoint.java:213)
		at org.apache.tomcat.util.net.AbstractEndpoint.bindWithCleanup(AbstractEndpoint.java:1124)
		at org.apache.tomcat.util.net.AbstractEndpoint.init(AbstractEndpoint.java:1137)
		at org.apache.coyote.AbstractProtocol.init(AbstractProtocol.java:574)
		at org.apache.coyote.http11.AbstractHttp11Protocol.init(AbstractHttp11Protocol.java:74)
		at org.apache.catalina.connector.Connector.initInternal(Connector.java:980)
		... 13 more
25-Sep-2019 20:17:26.022 INFO [main] org.apache.coyote.AbstractProtocol.init Initializing ProtocolHandler ["ajp-nio-8009"]
25-Sep-2019 20:17:26.035 SEVERE [main] org.apache.catalina.util.LifecycleBase.handleSubClassException Failed to initialize component [Connector[AJP/1.3-8009]]
	org.apache.catalina.LifecycleException: Protocol handler initialization failed
		at org.apache.catalina.connector.Connector.initInternal(Connector.java:983)
		at org.apache.catalina.util.LifecycleBase.init(LifecycleBase.java:136)
		at org.apache.catalina.core.StandardService.initInternal(StandardService.java:533)
		at org.apache.catalina.util.LifecycleBase.init(LifecycleBase.java:136)
		at org.apache.catalina.core.StandardServer.initInternal(StandardServer.java:1059)
		at org.apache.catalina.util.LifecycleBase.init(LifecycleBase.java:136)
		at org.apache.catalina.startup.Catalina.load(Catalina.java:584)
		at org.apache.catalina.startup.Catalina.load(Catalina.java:607)
		at sun.reflect.NativeMethodAccessorImpl.invoke0(Native Method)
		at sun.reflect.NativeMethodAccessorImpl.invoke(Unknown Source)
		at sun.reflect.DelegatingMethodAccessorImpl.invoke(Unknown Source)
		at java.lang.reflect.Method.invoke(Unknown Source)
		at org.apache.catalina.startup.Bootstrap.load(Bootstrap.java:304)
		at org.apache.catalina.startup.Bootstrap.main(Bootstrap.java:474)
	Caused by: java.net.BindException: Address already in use: bind
		at sun.nio.ch.Net.bind0(Native Method)
		at sun.nio.ch.Net.bind(Unknown Source)
		at sun.nio.ch.Net.bind(Unknown Source)
		at sun.nio.ch.ServerSocketChannelImpl.bind(Unknown Source)
		at sun.nio.ch.ServerSocketAdaptor.bind(Unknown Source)
		at org.apache.tomcat.util.net.NioEndpoint.initServerSocket(NioEndpoint.java:230)
		at org.apache.tomcat.util.net.NioEndpoint.bind(NioEndpoint.java:213)
		at org.apache.tomcat.util.net.AbstractEndpoint.bindWithCleanup(AbstractEndpoint.java:1124)
		at org.apache.tomcat.util.net.AbstractEndpoint.init(AbstractEndpoint.java:1137)
		at org.apache.coyote.AbstractProtocol.init(AbstractProtocol.java:574)
		at org.apache.catalina.connector.Connector.initInternal(Connector.java:980)
		... 13 more
25-Sep-2019 20:17:26.037 INFO [main] org.apache.catalina.startup.Catalina.load Server initialization in [913] milliseconds
25-Sep-2019 20:17:26.064 INFO [main] org.apache.catalina.core.StandardService.startInternal Starting service [Catalina]
25-Sep-2019 20:17:26.065 INFO [main] org.apache.catalina.core.StandardEngine.startInternal Starting Servlet engine: [Apache Tomcat/9.0.24]
25-Sep-2019 20:17:26.078 INFO [main] org.apache.catalina.startup.HostConfig.deployDirectory Deploying web application directory [C:\Users\xinru\Documents\bookhub\apache-tomcat-9.0.24-windows-x64\apache-tomcat-9.0.24\webapps\bookhub]
25-Sep-2019 20:17:26.723 INFO [main] org.apache.catalina.startup.HostConfig.deployDirectory Deployment of web application directory [C:\Users\xinru\Documents\bookhub\apache-tomcat-9.0.24-windows-x64\apache-tomcat-9.0.24\webapps\bookhub] has finished in [645] ms
25-Sep-2019 20:17:26.723 INFO [main] org.apache.catalina.startup.HostConfig.deployDirectory Deploying web application directory [C:\Users\xinru\Documents\bookhub\apache-tomcat-9.0.24-windows-x64\apache-tomcat-9.0.24\webapps\docs]
25-Sep-2019 20:17:26.755 INFO [main] org.apache.catalina.startup.HostConfig.deployDirectory Deployment of web application directory [C:\Users\xinru\Documents\bookhub\apache-tomcat-9.0.24-windows-x64\apache-tomcat-9.0.24\webapps\docs] has finished in [32] ms
25-Sep-2019 20:17:26.755 INFO [main] org.apache.catalina.startup.HostConfig.deployDirectory Deploying web application directory [C:\Users\xinru\Documents\bookhub\apache-tomcat-9.0.24-windows-x64\apache-tomcat-9.0.24\webapps\examples]
25-Sep-2019 20:17:27.023 INFO [main] org.apache.catalina.startup.HostConfig.deployDirectory Deployment of web application directory [C:\Users\xinru\Documents\bookhub\apache-tomcat-9.0.24-windows-x64\apache-tomcat-9.0.24\webapps\examples] has finished in [268] ms
25-Sep-2019 20:17:27.025 INFO [main] org.apache.catalina.startup.HostConfig.deployDirectory Deploying web application directory [C:\Users\xinru\Documents\bookhub\apache-tomcat-9.0.24-windows-x64\apache-tomcat-9.0.24\webapps\host-manager]
25-Sep-2019 20:17:27.068 INFO [main] org.apache.catalina.startup.HostConfig.deployDirectory Deployment of web application directory [C:\Users\xinru\Documents\bookhub\apache-tomcat-9.0.24-windows-x64\apache-tomcat-9.0.24\webapps\host-manager] has finished in [43] ms
25-Sep-2019 20:17:27.068 INFO [main] org.apache.catalina.startup.HostConfig.deployDirectory Deploying web application directory [C:\Users\xinru\Documents\bookhub\apache-tomcat-9.0.24-windows-x64\apache-tomcat-9.0.24\webapps\manager]
25-Sep-2019 20:17:27.125 INFO [main] org.apache.catalina.startup.HostConfig.deployDirectory Deployment of web application directory [C:\Users\xinru\Documents\bookhub\apache-tomcat-9.0.24-windows-x64\apache-tomcat-9.0.24\webapps\manager] has finished in [56] ms
25-Sep-2019 20:17:27.126 INFO [main] org.apache.catalina.startup.HostConfig.deployDirectory Deploying web application directory [C:\Users\xinru\Documents\bookhub\apache-tomcat-9.0.24-windows-x64\apache-tomcat-9.0.24\webapps\ROOT]
25-Sep-2019 20:17:27.157 INFO [main] org.apache.catalina.startup.HostConfig.deployDirectory Deployment of web application directory [C:\Users\xinru\Documents\bookhub\apache-tomcat-9.0.24-windows-x64\apache-tomcat-9.0.24\webapps\ROOT] has finished in [30] ms
25-Sep-2019 20:17:27.165 INFO [main] org.apache.catalina.startup.Catalina.start Server startup in [1,126] milliseconds
25-Sep-2019 20:17:27.178 SEVERE [main] org.apache.catalina.core.StandardServer.await Failed to create server shutdown socket on address [localhost] and port [8005] (base port [8005] and offset [0])
	java.net.BindException: Address already in use: JVM_Bind
		at java.net.DualStackPlainSocketImpl.bind0(Native Method)
		at java.net.DualStackPlainSocketImpl.socketBind(Unknown Source)
		at java.net.AbstractPlainSocketImpl.bind(Unknown Source)
		at java.net.PlainSocketImpl.bind(Unknown Source)
		at java.net.ServerSocket.bind(Unknown Source)
		at java.net.ServerSocket.<init>(Unknown Source)
		at org.apache.catalina.core.StandardServer.await(StandardServer.java:584)
		at org.apache.catalina.startup.Catalina.await(Catalina.java:721)
		at org.apache.catalina.startup.Catalina.start(Catalina.java:667)
		at sun.reflect.NativeMethodAccessorImpl.invoke0(Native Method)
		at sun.reflect.NativeMethodAccessorImpl.invoke(Unknown Source)
		at sun.reflect.DelegatingMethodAccessorImpl.invoke(Unknown Source)
		at java.lang.reflect.Method.invoke(Unknown Source)
		at org.apache.catalina.startup.Bootstrap.start(Bootstrap.java:344)
		at org.apache.catalina.startup.Bootstrap.main(Bootstrap.java:475)
25-Sep-2019 20:17:27.179 INFO [main] org.apache.coyote.AbstractProtocol.pause Pausing ProtocolHandler ["http-nio-8080"]
25-Sep-2019 20:17:27.180 INFO [main] org.apache.coyote.AbstractProtocol.pause Pausing ProtocolHandler ["ajp-nio-8009"]
25-Sep-2019 20:17:27.181 INFO [main] org.apache.catalina.core.StandardService.stopInternal Stopping service [Catalina]
25-Sep-2019 20:17:27.218 INFO [main] org.apache.coyote.AbstractProtocol.stop Stopping ProtocolHandler ["http-nio-8080"]
25-Sep-2019 20:17:27.219 INFO [main] org.apache.coyote.AbstractProtocol.destroy Destroying ProtocolHandler ["http-nio-8080"]
25-Sep-2019 20:17:27.232 INFO [main] org.apache.coyote.AbstractProtocol.stop Stopping ProtocolHandler ["ajp-nio-8009"]
25-Sep-2019 20:17:27.235 INFO [main] org.apache.coyote.AbstractProtocol.destroy Destroying ProtocolHandler ["ajp-nio-8009"]
25-Sep-2019 20:17:47.968 INFO [main] org.apache.catalina.startup.VersionLoggerListener.log Server version name:   Apache Tomcat/9.0.24
25-Sep-2019 20:17:47.973 INFO [main] org.apache.catalina.startup.VersionLoggerListener.log Server built:          Aug 14 2019 21:16:42 UTC
25-Sep-2019 20:17:47.973 INFO [main] org.apache.catalina.startup.VersionLoggerListener.log Server version number: 9.0.24.0
25-Sep-2019 20:17:47.974 INFO [main] org.apache.catalina.startup.VersionLoggerListener.log OS Name:               Windows 10
25-Sep-2019 20:17:47.974 INFO [main] org.apache.catalina.startup.VersionLoggerListener.log OS Version:            10.0
25-Sep-2019 20:17:47.974 INFO [main] org.apache.catalina.startup.VersionLoggerListener.log Architecture:          amd64
25-Sep-2019 20:17:47.974 INFO [main] org.apache.catalina.startup.VersionLoggerListener.log Java Home:             C:\Program Files\Java\jre1.8.0_201
25-Sep-2019 20:17:47.974 INFO [main] org.apache.catalina.startup.VersionLoggerListener.log JVM Version:           1.8.0_201-b09
25-Sep-2019 20:17:47.975 INFO [main] org.apache.catalina.startup.VersionLoggerListener.log JVM Vendor:            Oracle Corporation
25-Sep-2019 20:17:47.975 INFO [main] org.apache.catalina.startup.VersionLoggerListener.log CATALINA_BASE:         C:\Users\xinru\Documents\bookhub\apache-tomcat-9.0.24-windows-x64\apache-tomcat-9.0.24
25-Sep-2019 20:17:47.975 INFO [main] org.apache.catalina.startup.VersionLoggerListener.log CATALINA_HOME:         C:\Users\xinru\Documents\bookhub\apache-tomcat-9.0.24-windows-x64\apache-tomcat-9.0.24
25-Sep-2019 20:17:47.976 INFO [main] org.apache.catalina.startup.VersionLoggerListener.log Command line argument: -Djava.util.logging.config.file=C:\Users\xinru\Documents\bookhub\apache-tomcat-9.0.24-windows-x64\apache-tomcat-9.0.24\conf\logging.properties
25-Sep-2019 20:17:47.976 INFO [main] org.apache.catalina.startup.VersionLoggerListener.log Command line argument: -Djava.util.logging.manager=org.apache.juli.ClassLoaderLogManager
25-Sep-2019 20:17:47.976 INFO [main] org.apache.catalina.startup.VersionLoggerListener.log Command line argument: -Djdk.tls.ephemeralDHKeySize=2048
25-Sep-2019 20:17:47.976 INFO [main] org.apache.catalina.startup.VersionLoggerListener.log Command line argument: -Djava.protocol.handler.pkgs=org.apache.catalina.webresources
25-Sep-2019 20:17:47.977 INFO [main] org.apache.catalina.startup.VersionLoggerListener.log Command line argument: -Dignore.endorsed.dirs=
25-Sep-2019 20:17:47.977 INFO [main] org.apache.catalina.startup.VersionLoggerListener.log Command line argument: -Dcatalina.base=C:\Users\xinru\Documents\bookhub\apache-tomcat-9.0.24-windows-x64\apache-tomcat-9.0.24
25-Sep-2019 20:17:47.978 INFO [main] org.apache.catalina.startup.VersionLoggerListener.log Command line argument: -Dcatalina.home=C:\Users\xinru\Documents\bookhub\apache-tomcat-9.0.24-windows-x64\apache-tomcat-9.0.24
25-Sep-2019 20:17:47.979 INFO [main] org.apache.catalina.startup.VersionLoggerListener.log Command line argument: -Djava.io.tmpdir=C:\Users\xinru\Documents\bookhub\apache-tomcat-9.0.24-windows-x64\apache-tomcat-9.0.24\temp
25-Sep-2019 20:17:47.980 INFO [main] org.apache.catalina.core.AprLifecycleListener.lifecycleEvent Loaded APR based Apache Tomcat Native library [1.2.23] using APR version [1.7.0].
25-Sep-2019 20:17:47.981 INFO [main] org.apache.catalina.core.AprLifecycleListener.lifecycleEvent APR capabilities: IPv6 [true], sendfile [true], accept filters [false], random [true].
25-Sep-2019 20:17:47.981 INFO [main] org.apache.catalina.core.AprLifecycleListener.lifecycleEvent APR/OpenSSL configuration: useAprConnector [false], useOpenSSL [true]
25-Sep-2019 20:17:47.987 INFO [main] org.apache.catalina.core.AprLifecycleListener.initializeSSL OpenSSL successfully initialized [OpenSSL 1.1.1c  28 May 2019]
25-Sep-2019 20:17:48.340 INFO [main] org.apache.coyote.AbstractProtocol.init Initializing ProtocolHandler ["http-nio-8080"]
25-Sep-2019 20:17:48.667 SEVERE [main] org.apache.catalina.util.LifecycleBase.handleSubClassException Failed to initialize component [Connector[HTTP/1.1-8080]]
	org.apache.catalina.LifecycleException: Protocol handler initialization failed
		at org.apache.catalina.connector.Connector.initInternal(Connector.java:983)
		at org.apache.catalina.util.LifecycleBase.init(LifecycleBase.java:136)
		at org.apache.catalina.core.StandardService.initInternal(StandardService.java:533)
		at org.apache.catalina.util.LifecycleBase.init(LifecycleBase.java:136)
		at org.apache.catalina.core.StandardServer.initInternal(StandardServer.java:1059)
		at org.apache.catalina.util.LifecycleBase.init(LifecycleBase.java:136)
		at org.apache.catalina.startup.Catalina.load(Catalina.java:584)
		at org.apache.catalina.startup.Catalina.load(Catalina.java:607)
		at sun.reflect.NativeMethodAccessorImpl.invoke0(Native Method)
		at sun.reflect.NativeMethodAccessorImpl.invoke(Unknown Source)
		at sun.reflect.DelegatingMethodAccessorImpl.invoke(Unknown Source)
		at java.lang.reflect.Method.invoke(Unknown Source)
		at org.apache.catalina.startup.Bootstrap.load(Bootstrap.java:304)
		at org.apache.catalina.startup.Bootstrap.main(Bootstrap.java:474)
	Caused by: java.net.BindException: Address already in use: bind
		at sun.nio.ch.Net.bind0(Native Method)
		at sun.nio.ch.Net.bind(Unknown Source)
		at sun.nio.ch.Net.bind(Unknown Source)
		at sun.nio.ch.ServerSocketChannelImpl.bind(Unknown Source)
		at sun.nio.ch.ServerSocketAdaptor.bind(Unknown Source)
		at org.apache.tomcat.util.net.NioEndpoint.initServerSocket(NioEndpoint.java:230)
		at org.apache.tomcat.util.net.NioEndpoint.bind(NioEndpoint.java:213)
		at org.apache.tomcat.util.net.AbstractEndpoint.bindWithCleanup(AbstractEndpoint.java:1124)
		at org.apache.tomcat.util.net.AbstractEndpoint.init(AbstractEndpoint.java:1137)
		at org.apache.coyote.AbstractProtocol.init(AbstractProtocol.java:574)
		at org.apache.coyote.http11.AbstractHttp11Protocol.init(AbstractHttp11Protocol.java:74)
		at org.apache.catalina.connector.Connector.initInternal(Connector.java:980)
		... 13 more
25-Sep-2019 20:17:48.672 INFO [main] org.apache.coyote.AbstractProtocol.init Initializing ProtocolHandler ["ajp-nio-8009"]
25-Sep-2019 20:17:48.684 SEVERE [main] org.apache.catalina.util.LifecycleBase.handleSubClassException Failed to initialize component [Connector[AJP/1.3-8009]]
	org.apache.catalina.LifecycleException: Protocol handler initialization failed
		at org.apache.catalina.connector.Connector.initInternal(Connector.java:983)
		at org.apache.catalina.util.LifecycleBase.init(LifecycleBase.java:136)
		at org.apache.catalina.core.StandardService.initInternal(StandardService.java:533)
		at org.apache.catalina.util.LifecycleBase.init(LifecycleBase.java:136)
		at org.apache.catalina.core.StandardServer.initInternal(StandardServer.java:1059)
		at org.apache.catalina.util.LifecycleBase.init(LifecycleBase.java:136)
		at org.apache.catalina.startup.Catalina.load(Catalina.java:584)
		at org.apache.catalina.startup.Catalina.load(Catalina.java:607)
		at sun.reflect.NativeMethodAccessorImpl.invoke0(Native Method)
		at sun.reflect.NativeMethodAccessorImpl.invoke(Unknown Source)
		at sun.reflect.DelegatingMethodAccessorImpl.invoke(Unknown Source)
		at java.lang.reflect.Method.invoke(Unknown Source)
		at org.apache.catalina.startup.Bootstrap.load(Bootstrap.java:304)
		at org.apache.catalina.startup.Bootstrap.main(Bootstrap.java:474)
	Caused by: java.net.BindException: Address already in use: bind
		at sun.nio.ch.Net.bind0(Native Method)
		at sun.nio.ch.Net.bind(Unknown Source)
		at sun.nio.ch.Net.bind(Unknown Source)
		at sun.nio.ch.ServerSocketChannelImpl.bind(Unknown Source)
		at sun.nio.ch.ServerSocketAdaptor.bind(Unknown Source)
		at org.apache.tomcat.util.net.NioEndpoint.initServerSocket(NioEndpoint.java:230)
		at org.apache.tomcat.util.net.NioEndpoint.bind(NioEndpoint.java:213)
		at org.apache.tomcat.util.net.AbstractEndpoint.bindWithCleanup(AbstractEndpoint.java:1124)
		at org.apache.tomcat.util.net.AbstractEndpoint.init(AbstractEndpoint.java:1137)
		at org.apache.coyote.AbstractProtocol.init(AbstractProtocol.java:574)
		at org.apache.catalina.connector.Connector.initInternal(Connector.java:980)
		... 13 more
25-Sep-2019 20:17:48.687 INFO [main] org.apache.catalina.startup.Catalina.load Server initialization in [918] milliseconds
25-Sep-2019 20:17:48.717 INFO [main] org.apache.catalina.core.StandardService.startInternal Starting service [Catalina]
25-Sep-2019 20:17:48.717 INFO [main] org.apache.catalina.core.StandardEngine.startInternal Starting Servlet engine: [Apache Tomcat/9.0.24]
25-Sep-2019 20:17:48.744 INFO [main] org.apache.catalina.startup.HostConfig.deployDirectory Deploying web application directory [C:\Users\xinru\Documents\bookhub\apache-tomcat-9.0.24-windows-x64\apache-tomcat-9.0.24\webapps\bookhub]
25-Sep-2019 20:17:49.332 INFO [main] org.apache.catalina.startup.HostConfig.deployDirectory Deployment of web application directory [C:\Users\xinru\Documents\bookhub\apache-tomcat-9.0.24-windows-x64\apache-tomcat-9.0.24\webapps\bookhub] has finished in [588] ms
25-Sep-2019 20:17:49.332 INFO [main] org.apache.catalina.startup.HostConfig.deployDirectory Deploying web application directory [C:\Users\xinru\Documents\bookhub\apache-tomcat-9.0.24-windows-x64\apache-tomcat-9.0.24\webapps\docs]
25-Sep-2019 20:17:49.371 INFO [main] org.apache.catalina.startup.HostConfig.deployDirectory Deployment of web application directory [C:\Users\xinru\Documents\bookhub\apache-tomcat-9.0.24-windows-x64\apache-tomcat-9.0.24\webapps\docs] has finished in [39] ms
25-Sep-2019 20:17:49.372 INFO [main] org.apache.catalina.startup.HostConfig.deployDirectory Deploying web application directory [C:\Users\xinru\Documents\bookhub\apache-tomcat-9.0.24-windows-x64\apache-tomcat-9.0.24\webapps\examples]
25-Sep-2019 20:17:49.637 INFO [main] org.apache.catalina.startup.HostConfig.deployDirectory Deployment of web application directory [C:\Users\xinru\Documents\bookhub\apache-tomcat-9.0.24-windows-x64\apache-tomcat-9.0.24\webapps\examples] has finished in [265] ms
25-Sep-2019 20:17:49.639 INFO [main] org.apache.catalina.startup.HostConfig.deployDirectory Deploying web application directory [C:\Users\xinru\Documents\bookhub\apache-tomcat-9.0.24-windows-x64\apache-tomcat-9.0.24\webapps\host-manager]
25-Sep-2019 20:17:49.683 INFO [main] org.apache.catalina.startup.HostConfig.deployDirectory Deployment of web application directory [C:\Users\xinru\Documents\bookhub\apache-tomcat-9.0.24-windows-x64\apache-tomcat-9.0.24\webapps\host-manager] has finished in [44] ms
25-Sep-2019 20:17:49.683 INFO [main] org.apache.catalina.startup.HostConfig.deployDirectory Deploying web application directory [C:\Users\xinru\Documents\bookhub\apache-tomcat-9.0.24-windows-x64\apache-tomcat-9.0.24\webapps\manager]
25-Sep-2019 20:17:49.716 INFO [main] org.apache.catalina.startup.HostConfig.deployDirectory Deployment of web application directory [C:\Users\xinru\Documents\bookhub\apache-tomcat-9.0.24-windows-x64\apache-tomcat-9.0.24\webapps\manager] has finished in [33] ms
25-Sep-2019 20:17:49.716 INFO [main] org.apache.catalina.startup.HostConfig.deployDirectory Deploying web application directory [C:\Users\xinru\Documents\bookhub\apache-tomcat-9.0.24-windows-x64\apache-tomcat-9.0.24\webapps\ROOT]
25-Sep-2019 20:17:49.748 INFO [main] org.apache.catalina.startup.HostConfig.deployDirectory Deployment of web application directory [C:\Users\xinru\Documents\bookhub\apache-tomcat-9.0.24-windows-x64\apache-tomcat-9.0.24\webapps\ROOT] has finished in [32] ms
25-Sep-2019 20:17:49.756 INFO [main] org.apache.catalina.startup.Catalina.start Server startup in [1,069] milliseconds
25-Sep-2019 20:17:49.762 SEVERE [main] org.apache.catalina.core.StandardServer.await Failed to create server shutdown socket on address [localhost] and port [8005] (base port [8005] and offset [0])
	java.net.BindException: Address already in use: JVM_Bind
		at java.net.DualStackPlainSocketImpl.bind0(Native Method)
		at java.net.DualStackPlainSocketImpl.socketBind(Unknown Source)
		at java.net.AbstractPlainSocketImpl.bind(Unknown Source)
		at java.net.PlainSocketImpl.bind(Unknown Source)
		at java.net.ServerSocket.bind(Unknown Source)
		at java.net.ServerSocket.<init>(Unknown Source)
		at org.apache.catalina.core.StandardServer.await(StandardServer.java:584)
		at org.apache.catalina.startup.Catalina.await(Catalina.java:721)
		at org.apache.catalina.startup.Catalina.start(Catalina.java:667)
		at sun.reflect.NativeMethodAccessorImpl.invoke0(Native Method)
		at sun.reflect.NativeMethodAccessorImpl.invoke(Unknown Source)
		at sun.reflect.DelegatingMethodAccessorImpl.invoke(Unknown Source)
		at java.lang.reflect.Method.invoke(Unknown Source)
		at org.apache.catalina.startup.Bootstrap.start(Bootstrap.java:344)
		at org.apache.catalina.startup.Bootstrap.main(Bootstrap.java:475)
25-Sep-2019 20:17:49.769 INFO [main] org.apache.coyote.AbstractProtocol.pause Pausing ProtocolHandler ["http-nio-8080"]
25-Sep-2019 20:17:49.770 INFO [main] org.apache.coyote.AbstractProtocol.pause Pausing ProtocolHandler ["ajp-nio-8009"]
25-Sep-2019 20:17:49.782 INFO [main] org.apache.catalina.core.StandardService.stopInternal Stopping service [Catalina]
25-Sep-2019 20:17:49.830 INFO [main] org.apache.coyote.AbstractProtocol.stop Stopping ProtocolHandler ["http-nio-8080"]
25-Sep-2019 20:17:49.830 INFO [main] org.apache.coyote.AbstractProtocol.destroy Destroying ProtocolHandler ["http-nio-8080"]
25-Sep-2019 20:17:49.833 INFO [main] org.apache.coyote.AbstractProtocol.stop Stopping ProtocolHandler ["ajp-nio-8009"]
25-Sep-2019 20:17:49.842 INFO [main] org.apache.coyote.AbstractProtocol.destroy Destroying ProtocolHandler ["ajp-nio-8009"]
25-Sep-2019 20:18:38.362 INFO [main] org.apache.catalina.startup.VersionLoggerListener.log Server version name:   Apache Tomcat/9.0.24
25-Sep-2019 20:18:38.367 INFO [main] org.apache.catalina.startup.VersionLoggerListener.log Server built:          Aug 14 2019 21:16:42 UTC
25-Sep-2019 20:18:38.368 INFO [main] org.apache.catalina.startup.VersionLoggerListener.log Server version number: 9.0.24.0
25-Sep-2019 20:18:38.369 INFO [main] org.apache.catalina.startup.VersionLoggerListener.log OS Name:               Windows 10
25-Sep-2019 20:18:38.369 INFO [main] org.apache.catalina.startup.VersionLoggerListener.log OS Version:            10.0
25-Sep-2019 20:18:38.370 INFO [main] org.apache.catalina.startup.VersionLoggerListener.log Architecture:          amd64
25-Sep-2019 20:18:38.371 INFO [main] org.apache.catalina.startup.VersionLoggerListener.log Java Home:             C:\Program Files\Java\jre1.8.0_201
25-Sep-2019 20:18:38.371 INFO [main] org.apache.catalina.startup.VersionLoggerListener.log JVM Version:           1.8.0_201-b09
25-Sep-2019 20:18:38.372 INFO [main] org.apache.catalina.startup.VersionLoggerListener.log JVM Vendor:            Oracle Corporation
25-Sep-2019 20:18:38.372 INFO [main] org.apache.catalina.startup.VersionLoggerListener.log CATALINA_BASE:         C:\Users\xinru\Documents\bookhub\apache-tomcat-9.0.24-windows-x64\apache-tomcat-9.0.24
25-Sep-2019 20:18:38.373 INFO [main] org.apache.catalina.startup.VersionLoggerListener.log CATALINA_HOME:         C:\Users\xinru\Documents\bookhub\apache-tomcat-9.0.24-windows-x64\apache-tomcat-9.0.24
25-Sep-2019 20:18:38.374 INFO [main] org.apache.catalina.startup.VersionLoggerListener.log Command line argument: -Djava.util.logging.config.file=C:\Users\xinru\Documents\bookhub\apache-tomcat-9.0.24-windows-x64\apache-tomcat-9.0.24\conf\logging.properties
25-Sep-2019 20:18:38.375 INFO [main] org.apache.catalina.startup.VersionLoggerListener.log Command line argument: -Djava.util.logging.manager=org.apache.juli.ClassLoaderLogManager
25-Sep-2019 20:18:38.376 INFO [main] org.apache.catalina.startup.VersionLoggerListener.log Command line argument: -Djdk.tls.ephemeralDHKeySize=2048
25-Sep-2019 20:18:38.377 INFO [main] org.apache.catalina.startup.VersionLoggerListener.log Command line argument: -Djava.protocol.handler.pkgs=org.apache.catalina.webresources
25-Sep-2019 20:18:38.378 INFO [main] org.apache.catalina.startup.VersionLoggerListener.log Command line argument: -Dignore.endorsed.dirs=
25-Sep-2019 20:18:38.378 INFO [main] org.apache.catalina.startup.VersionLoggerListener.log Command line argument: -Dcatalina.base=C:\Users\xinru\Documents\bookhub\apache-tomcat-9.0.24-windows-x64\apache-tomcat-9.0.24
25-Sep-2019 20:18:38.387 INFO [main] org.apache.catalina.startup.VersionLoggerListener.log Command line argument: -Dcatalina.home=C:\Users\xinru\Documents\bookhub\apache-tomcat-9.0.24-windows-x64\apache-tomcat-9.0.24
25-Sep-2019 20:18:38.388 INFO [main] org.apache.catalina.startup.VersionLoggerListener.log Command line argument: -Djava.io.tmpdir=C:\Users\xinru\Documents\bookhub\apache-tomcat-9.0.24-windows-x64\apache-tomcat-9.0.24\temp
25-Sep-2019 20:18:38.389 INFO [main] org.apache.catalina.core.AprLifecycleListener.lifecycleEvent Loaded APR based Apache Tomcat Native library [1.2.23] using APR version [1.7.0].
25-Sep-2019 20:18:38.389 INFO [main] org.apache.catalina.core.AprLifecycleListener.lifecycleEvent APR capabilities: IPv6 [true], sendfile [true], accept filters [false], random [true].
25-Sep-2019 20:18:38.390 INFO [main] org.apache.catalina.core.AprLifecycleListener.lifecycleEvent APR/OpenSSL configuration: useAprConnector [false], useOpenSSL [true]
25-Sep-2019 20:18:38.397 INFO [main] org.apache.catalina.core.AprLifecycleListener.initializeSSL OpenSSL successfully initialized [OpenSSL 1.1.1c  28 May 2019]
25-Sep-2019 20:18:38.777 INFO [main] org.apache.coyote.AbstractProtocol.init Initializing ProtocolHandler ["http-nio-8080"]
25-Sep-2019 20:18:39.124 SEVERE [main] org.apache.catalina.util.LifecycleBase.handleSubClassException Failed to initialize component [Connector[HTTP/1.1-8080]]
	org.apache.catalina.LifecycleException: Protocol handler initialization failed
		at org.apache.catalina.connector.Connector.initInternal(Connector.java:983)
		at org.apache.catalina.util.LifecycleBase.init(LifecycleBase.java:136)
		at org.apache.catalina.core.StandardService.initInternal(StandardService.java:533)
		at org.apache.catalina.util.LifecycleBase.init(LifecycleBase.java:136)
		at org.apache.catalina.core.StandardServer.initInternal(StandardServer.java:1059)
		at org.apache.catalina.util.LifecycleBase.init(LifecycleBase.java:136)
		at org.apache.catalina.startup.Catalina.load(Catalina.java:584)
		at org.apache.catalina.startup.Catalina.load(Catalina.java:607)
		at sun.reflect.NativeMethodAccessorImpl.invoke0(Native Method)
		at sun.reflect.NativeMethodAccessorImpl.invoke(Unknown Source)
		at sun.reflect.DelegatingMethodAccessorImpl.invoke(Unknown Source)
		at java.lang.reflect.Method.invoke(Unknown Source)
		at org.apache.catalina.startup.Bootstrap.load(Bootstrap.java:304)
		at org.apache.catalina.startup.Bootstrap.main(Bootstrap.java:474)
	Caused by: java.net.BindException: Address already in use: bind
		at sun.nio.ch.Net.bind0(Native Method)
		at sun.nio.ch.Net.bind(Unknown Source)
		at sun.nio.ch.Net.bind(Unknown Source)
		at sun.nio.ch.ServerSocketChannelImpl.bind(Unknown Source)
		at sun.nio.ch.ServerSocketAdaptor.bind(Unknown Source)
		at org.apache.tomcat.util.net.NioEndpoint.initServerSocket(NioEndpoint.java:230)
		at org.apache.tomcat.util.net.NioEndpoint.bind(NioEndpoint.java:213)
		at org.apache.tomcat.util.net.AbstractEndpoint.bindWithCleanup(AbstractEndpoint.java:1124)
		at org.apache.tomcat.util.net.AbstractEndpoint.init(AbstractEndpoint.java:1137)
		at org.apache.coyote.AbstractProtocol.init(AbstractProtocol.java:574)
		at org.apache.coyote.http11.AbstractHttp11Protocol.init(AbstractHttp11Protocol.java:74)
		at org.apache.catalina.connector.Connector.initInternal(Connector.java:980)
		... 13 more
25-Sep-2019 20:18:39.140 INFO [main] org.apache.coyote.AbstractProtocol.init Initializing ProtocolHandler ["ajp-nio-8009"]
25-Sep-2019 20:18:39.143 SEVERE [main] org.apache.catalina.util.LifecycleBase.handleSubClassException Failed to initialize component [Connector[AJP/1.3-8009]]
	org.apache.catalina.LifecycleException: Protocol handler initialization failed
		at org.apache.catalina.connector.Connector.initInternal(Connector.java:983)
		at org.apache.catalina.util.LifecycleBase.init(LifecycleBase.java:136)
		at org.apache.catalina.core.StandardService.initInternal(StandardService.java:533)
		at org.apache.catalina.util.LifecycleBase.init(LifecycleBase.java:136)
		at org.apache.catalina.core.StandardServer.initInternal(StandardServer.java:1059)
		at org.apache.catalina.util.LifecycleBase.init(LifecycleBase.java:136)
		at org.apache.catalina.startup.Catalina.load(Catalina.java:584)
		at org.apache.catalina.startup.Catalina.load(Catalina.java:607)
		at sun.reflect.NativeMethodAccessorImpl.invoke0(Native Method)
		at sun.reflect.NativeMethodAccessorImpl.invoke(Unknown Source)
		at sun.reflect.DelegatingMethodAccessorImpl.invoke(Unknown Source)
		at java.lang.reflect.Method.invoke(Unknown Source)
		at org.apache.catalina.startup.Bootstrap.load(Bootstrap.java:304)
		at org.apache.catalina.startup.Bootstrap.main(Bootstrap.java:474)
	Caused by: java.net.BindException: Address already in use: bind
		at sun.nio.ch.Net.bind0(Native Method)
		at sun.nio.ch.Net.bind(Unknown Source)
		at sun.nio.ch.Net.bind(Unknown Source)
		at sun.nio.ch.ServerSocketChannelImpl.bind(Unknown Source)
		at sun.nio.ch.ServerSocketAdaptor.bind(Unknown Source)
		at org.apache.tomcat.util.net.NioEndpoint.initServerSocket(NioEndpoint.java:230)
		at org.apache.tomcat.util.net.NioEndpoint.bind(NioEndpoint.java:213)
		at org.apache.tomcat.util.net.AbstractEndpoint.bindWithCleanup(AbstractEndpoint.java:1124)
		at org.apache.tomcat.util.net.AbstractEndpoint.init(AbstractEndpoint.java:1137)
		at org.apache.coyote.AbstractProtocol.init(AbstractProtocol.java:574)
		at org.apache.catalina.connector.Connector.initInternal(Connector.java:980)
		... 13 more
25-Sep-2019 20:18:39.159 INFO [main] org.apache.catalina.startup.Catalina.load Server initialization in [1,092] milliseconds
25-Sep-2019 20:18:39.200 INFO [main] org.apache.catalina.core.StandardService.startInternal Starting service [Catalina]
25-Sep-2019 20:18:39.201 INFO [main] org.apache.catalina.core.StandardEngine.startInternal Starting Servlet engine: [Apache Tomcat/9.0.24]
25-Sep-2019 20:18:39.212 INFO [main] org.apache.catalina.startup.HostConfig.deployDirectory Deploying web application directory [C:\Users\xinru\Documents\bookhub\apache-tomcat-9.0.24-windows-x64\apache-tomcat-9.0.24\webapps\bookhub]
25-Sep-2019 20:18:39.826 INFO [main] org.apache.catalina.startup.HostConfig.deployDirectory Deployment of web application directory [C:\Users\xinru\Documents\bookhub\apache-tomcat-9.0.24-windows-x64\apache-tomcat-9.0.24\webapps\bookhub] has finished in [614] ms
25-Sep-2019 20:18:39.827 INFO [main] org.apache.catalina.startup.HostConfig.deployDirectory Deploying web application directory [C:\Users\xinru\Documents\bookhub\apache-tomcat-9.0.24-windows-x64\apache-tomcat-9.0.24\webapps\docs]
25-Sep-2019 20:18:39.856 INFO [main] org.apache.catalina.startup.HostConfig.deployDirectory Deployment of web application directory [C:\Users\xinru\Documents\bookhub\apache-tomcat-9.0.24-windows-x64\apache-tomcat-9.0.24\webapps\docs] has finished in [29] ms
25-Sep-2019 20:18:39.857 INFO [main] org.apache.catalina.startup.HostConfig.deployDirectory Deploying web application directory [C:\Users\xinru\Documents\bookhub\apache-tomcat-9.0.24-windows-x64\apache-tomcat-9.0.24\webapps\examples]
25-Sep-2019 20:18:40.116 INFO [main] org.apache.catalina.startup.HostConfig.deployDirectory Deployment of web application directory [C:\Users\xinru\Documents\bookhub\apache-tomcat-9.0.24-windows-x64\apache-tomcat-9.0.24\webapps\examples] has finished in [259] ms
25-Sep-2019 20:18:40.119 INFO [main] org.apache.catalina.startup.HostConfig.deployDirectory Deploying web application directory [C:\Users\xinru\Documents\bookhub\apache-tomcat-9.0.24-windows-x64\apache-tomcat-9.0.24\webapps\host-manager]
25-Sep-2019 20:18:40.159 INFO [main] org.apache.catalina.startup.HostConfig.deployDirectory Deployment of web application directory [C:\Users\xinru\Documents\bookhub\apache-tomcat-9.0.24-windows-x64\apache-tomcat-9.0.24\webapps\host-manager] has finished in [40] ms
25-Sep-2019 20:18:40.160 INFO [main] org.apache.catalina.startup.HostConfig.deployDirectory Deploying web application directory [C:\Users\xinru\Documents\bookhub\apache-tomcat-9.0.24-windows-x64\apache-tomcat-9.0.24\webapps\manager]
25-Sep-2019 20:18:40.197 INFO [main] org.apache.catalina.startup.HostConfig.deployDirectory Deployment of web application directory [C:\Users\xinru\Documents\bookhub\apache-tomcat-9.0.24-windows-x64\apache-tomcat-9.0.24\webapps\manager] has finished in [37] ms
25-Sep-2019 20:18:40.198 INFO [main] org.apache.catalina.startup.HostConfig.deployDirectory Deploying web application directory [C:\Users\xinru\Documents\bookhub\apache-tomcat-9.0.24-windows-x64\apache-tomcat-9.0.24\webapps\ROOT]
25-Sep-2019 20:18:40.234 INFO [main] org.apache.catalina.startup.HostConfig.deployDirectory Deployment of web application directory [C:\Users\xinru\Documents\bookhub\apache-tomcat-9.0.24-windows-x64\apache-tomcat-9.0.24\webapps\ROOT] has finished in [36] ms
25-Sep-2019 20:18:40.241 INFO [main] org.apache.catalina.startup.Catalina.start Server startup in [1,081] milliseconds
25-Sep-2019 20:18:40.247 SEVERE [main] org.apache.catalina.core.StandardServer.await Failed to create server shutdown socket on address [localhost] and port [8005] (base port [8005] and offset [0])
	java.net.BindException: Address already in use: JVM_Bind
		at java.net.DualStackPlainSocketImpl.bind0(Native Method)
		at java.net.DualStackPlainSocketImpl.socketBind(Unknown Source)
		at java.net.AbstractPlainSocketImpl.bind(Unknown Source)
		at java.net.PlainSocketImpl.bind(Unknown Source)
		at java.net.ServerSocket.bind(Unknown Source)
		at java.net.ServerSocket.<init>(Unknown Source)
		at org.apache.catalina.core.StandardServer.await(StandardServer.java:584)
		at org.apache.catalina.startup.Catalina.await(Catalina.java:721)
		at org.apache.catalina.startup.Catalina.start(Catalina.java:667)
		at sun.reflect.NativeMethodAccessorImpl.invoke0(Native Method)
		at sun.reflect.NativeMethodAccessorImpl.invoke(Unknown Source)
		at sun.reflect.DelegatingMethodAccessorImpl.invoke(Unknown Source)
		at java.lang.reflect.Method.invoke(Unknown Source)
		at org.apache.catalina.startup.Bootstrap.start(Bootstrap.java:344)
		at org.apache.catalina.startup.Bootstrap.main(Bootstrap.java:475)
25-Sep-2019 20:18:40.255 INFO [main] org.apache.coyote.AbstractProtocol.pause Pausing ProtocolHandler ["http-nio-8080"]
25-Sep-2019 20:18:40.255 INFO [main] org.apache.coyote.AbstractProtocol.pause Pausing ProtocolHandler ["ajp-nio-8009"]
25-Sep-2019 20:18:40.256 INFO [main] org.apache.catalina.core.StandardService.stopInternal Stopping service [Catalina]
25-Sep-2019 20:18:40.295 INFO [main] org.apache.coyote.AbstractProtocol.stop Stopping ProtocolHandler ["http-nio-8080"]
25-Sep-2019 20:18:40.295 INFO [main] org.apache.coyote.AbstractProtocol.destroy Destroying ProtocolHandler ["http-nio-8080"]
25-Sep-2019 20:18:40.297 INFO [main] org.apache.coyote.AbstractProtocol.stop Stopping ProtocolHandler ["ajp-nio-8009"]
25-Sep-2019 20:18:40.297 INFO [main] org.apache.coyote.AbstractProtocol.destroy Destroying ProtocolHandler ["ajp-nio-8009"]
25-Sep-2019 20:18:52.396 INFO [main] org.apache.catalina.startup.VersionLoggerListener.log Server version name:   Apache Tomcat/9.0.24
25-Sep-2019 20:18:52.399 INFO [main] org.apache.catalina.startup.VersionLoggerListener.log Server built:          Aug 14 2019 21:16:42 UTC
25-Sep-2019 20:18:52.399 INFO [main] org.apache.catalina.startup.VersionLoggerListener.log Server version number: 9.0.24.0
25-Sep-2019 20:18:52.400 INFO [main] org.apache.catalina.startup.VersionLoggerListener.log OS Name:               Windows 10
25-Sep-2019 20:18:52.400 INFO [main] org.apache.catalina.startup.VersionLoggerListener.log OS Version:            10.0
25-Sep-2019 20:18:52.400 INFO [main] org.apache.catalina.startup.VersionLoggerListener.log Architecture:          amd64
25-Sep-2019 20:18:52.401 INFO [main] org.apache.catalina.startup.VersionLoggerListener.log Java Home:             C:\Program Files\Java\jre1.8.0_201
25-Sep-2019 20:18:52.401 INFO [main] org.apache.catalina.startup.VersionLoggerListener.log JVM Version:           1.8.0_201-b09
25-Sep-2019 20:18:52.402 INFO [main] org.apache.catalina.startup.VersionLoggerListener.log JVM Vendor:            Oracle Corporation
25-Sep-2019 20:18:52.402 INFO [main] org.apache.catalina.startup.VersionLoggerListener.log CATALINA_BASE:         C:\Users\xinru\Documents\bookhub\apache-tomcat-9.0.24-windows-x64\apache-tomcat-9.0.24
25-Sep-2019 20:18:52.403 INFO [main] org.apache.catalina.startup.VersionLoggerListener.log CATALINA_HOME:         C:\Users\xinru\Documents\bookhub\apache-tomcat-9.0.24-windows-x64\apache-tomcat-9.0.24
25-Sep-2019 20:18:52.404 INFO [main] org.apache.catalina.startup.VersionLoggerListener.log Command line argument: -Djava.util.logging.config.file=C:\Users\xinru\Documents\bookhub\apache-tomcat-9.0.24-windows-x64\apache-tomcat-9.0.24\conf\logging.properties
25-Sep-2019 20:18:52.405 INFO [main] org.apache.catalina.startup.VersionLoggerListener.log Command line argument: -Djava.util.logging.manager=org.apache.juli.ClassLoaderLogManager
25-Sep-2019 20:18:52.405 INFO [main] org.apache.catalina.startup.VersionLoggerListener.log Command line argument: -Djdk.tls.ephemeralDHKeySize=2048
25-Sep-2019 20:18:52.406 INFO [main] org.apache.catalina.startup.VersionLoggerListener.log Command line argument: -Djava.protocol.handler.pkgs=org.apache.catalina.webresources
25-Sep-2019 20:18:52.406 INFO [main] org.apache.catalina.startup.VersionLoggerListener.log Command line argument: -Dignore.endorsed.dirs=
25-Sep-2019 20:18:52.407 INFO [main] org.apache.catalina.startup.VersionLoggerListener.log Command line argument: -Dcatalina.base=C:\Users\xinru\Documents\bookhub\apache-tomcat-9.0.24-windows-x64\apache-tomcat-9.0.24
25-Sep-2019 20:18:52.408 INFO [main] org.apache.catalina.startup.VersionLoggerListener.log Command line argument: -Dcatalina.home=C:\Users\xinru\Documents\bookhub\apache-tomcat-9.0.24-windows-x64\apache-tomcat-9.0.24
25-Sep-2019 20:18:52.411 INFO [main] org.apache.catalina.startup.VersionLoggerListener.log Command line argument: -Djava.io.tmpdir=C:\Users\xinru\Documents\bookhub\apache-tomcat-9.0.24-windows-x64\apache-tomcat-9.0.24\temp
25-Sep-2019 20:18:52.412 INFO [main] org.apache.catalina.core.AprLifecycleListener.lifecycleEvent Loaded APR based Apache Tomcat Native library [1.2.23] using APR version [1.7.0].
25-Sep-2019 20:18:52.412 INFO [main] org.apache.catalina.core.AprLifecycleListener.lifecycleEvent APR capabilities: IPv6 [true], sendfile [true], accept filters [false], random [true].
25-Sep-2019 20:18:52.413 INFO [main] org.apache.catalina.core.AprLifecycleListener.lifecycleEvent APR/OpenSSL configuration: useAprConnector [false], useOpenSSL [true]
25-Sep-2019 20:18:52.421 INFO [main] org.apache.catalina.core.AprLifecycleListener.initializeSSL OpenSSL successfully initialized [OpenSSL 1.1.1c  28 May 2019]
25-Sep-2019 20:18:52.800 INFO [main] org.apache.coyote.AbstractProtocol.init Initializing ProtocolHandler ["http-nio-8080"]
25-Sep-2019 20:18:53.143 SEVERE [main] org.apache.catalina.util.LifecycleBase.handleSubClassException Failed to initialize component [Connector[HTTP/1.1-8080]]
	org.apache.catalina.LifecycleException: Protocol handler initialization failed
		at org.apache.catalina.connector.Connector.initInternal(Connector.java:983)
		at org.apache.catalina.util.LifecycleBase.init(LifecycleBase.java:136)
		at org.apache.catalina.core.StandardService.initInternal(StandardService.java:533)
		at org.apache.catalina.util.LifecycleBase.init(LifecycleBase.java:136)
		at org.apache.catalina.core.StandardServer.initInternal(StandardServer.java:1059)
		at org.apache.catalina.util.LifecycleBase.init(LifecycleBase.java:136)
		at org.apache.catalina.startup.Catalina.load(Catalina.java:584)
		at org.apache.catalina.startup.Catalina.load(Catalina.java:607)
		at sun.reflect.NativeMethodAccessorImpl.invoke0(Native Method)
		at sun.reflect.NativeMethodAccessorImpl.invoke(Unknown Source)
		at sun.reflect.DelegatingMethodAccessorImpl.invoke(Unknown Source)
		at java.lang.reflect.Method.invoke(Unknown Source)
		at org.apache.catalina.startup.Bootstrap.load(Bootstrap.java:304)
		at org.apache.catalina.startup.Bootstrap.main(Bootstrap.java:474)
	Caused by: java.net.BindException: Address already in use: bind
		at sun.nio.ch.Net.bind0(Native Method)
		at sun.nio.ch.Net.bind(Unknown Source)
		at sun.nio.ch.Net.bind(Unknown Source)
		at sun.nio.ch.ServerSocketChannelImpl.bind(Unknown Source)
		at sun.nio.ch.ServerSocketAdaptor.bind(Unknown Source)
		at org.apache.tomcat.util.net.NioEndpoint.initServerSocket(NioEndpoint.java:230)
		at org.apache.tomcat.util.net.NioEndpoint.bind(NioEndpoint.java:213)
		at org.apache.tomcat.util.net.AbstractEndpoint.bindWithCleanup(AbstractEndpoint.java:1124)
		at org.apache.tomcat.util.net.AbstractEndpoint.init(AbstractEndpoint.java:1137)
		at org.apache.coyote.AbstractProtocol.init(AbstractProtocol.java:574)
		at org.apache.coyote.http11.AbstractHttp11Protocol.init(AbstractHttp11Protocol.java:74)
		at org.apache.catalina.connector.Connector.initInternal(Connector.java:980)
		... 13 more
25-Sep-2019 20:18:53.154 INFO [main] org.apache.coyote.AbstractProtocol.init Initializing ProtocolHandler ["ajp-nio-8009"]
25-Sep-2019 20:18:53.157 SEVERE [main] org.apache.catalina.util.LifecycleBase.handleSubClassException Failed to initialize component [Connector[AJP/1.3-8009]]
	org.apache.catalina.LifecycleException: Protocol handler initialization failed
		at org.apache.catalina.connector.Connector.initInternal(Connector.java:983)
		at org.apache.catalina.util.LifecycleBase.init(LifecycleBase.java:136)
		at org.apache.catalina.core.StandardService.initInternal(StandardService.java:533)
		at org.apache.catalina.util.LifecycleBase.init(LifecycleBase.java:136)
		at org.apache.catalina.core.StandardServer.initInternal(StandardServer.java:1059)
		at org.apache.catalina.util.LifecycleBase.init(LifecycleBase.java:136)
		at org.apache.catalina.startup.Catalina.load(Catalina.java:584)
		at org.apache.catalina.startup.Catalina.load(Catalina.java:607)
		at sun.reflect.NativeMethodAccessorImpl.invoke0(Native Method)
		at sun.reflect.NativeMethodAccessorImpl.invoke(Unknown Source)
		at sun.reflect.DelegatingMethodAccessorImpl.invoke(Unknown Source)
		at java.lang.reflect.Method.invoke(Unknown Source)
		at org.apache.catalina.startup.Bootstrap.load(Bootstrap.java:304)
		at org.apache.catalina.startup.Bootstrap.main(Bootstrap.java:474)
	Caused by: java.net.BindException: Address already in use: bind
		at sun.nio.ch.Net.bind0(Native Method)
		at sun.nio.ch.Net.bind(Unknown Source)
		at sun.nio.ch.Net.bind(Unknown Source)
		at sun.nio.ch.ServerSocketChannelImpl.bind(Unknown Source)
		at sun.nio.ch.ServerSocketAdaptor.bind(Unknown Source)
		at org.apache.tomcat.util.net.NioEndpoint.initServerSocket(NioEndpoint.java:230)
		at org.apache.tomcat.util.net.NioEndpoint.bind(NioEndpoint.java:213)
		at org.apache.tomcat.util.net.AbstractEndpoint.bindWithCleanup(AbstractEndpoint.java:1124)
		at org.apache.tomcat.util.net.AbstractEndpoint.init(AbstractEndpoint.java:1137)
		at org.apache.coyote.AbstractProtocol.init(AbstractProtocol.java:574)
		at org.apache.catalina.connector.Connector.initInternal(Connector.java:980)
		... 13 more
25-Sep-2019 20:18:53.171 INFO [main] org.apache.catalina.startup.Catalina.load Server initialization in [1,012] milliseconds
25-Sep-2019 20:18:53.206 INFO [main] org.apache.catalina.core.StandardService.startInternal Starting service [Catalina]
25-Sep-2019 20:18:53.207 INFO [main] org.apache.catalina.core.StandardEngine.startInternal Starting Servlet engine: [Apache Tomcat/9.0.24]
25-Sep-2019 20:18:53.216 INFO [main] org.apache.catalina.startup.HostConfig.deployDirectory Deploying web application directory [C:\Users\xinru\Documents\bookhub\apache-tomcat-9.0.24-windows-x64\apache-tomcat-9.0.24\webapps\bookhub]
25-Sep-2019 20:18:53.938 INFO [main] org.apache.catalina.startup.HostConfig.deployDirectory Deployment of web application directory [C:\Users\xinru\Documents\bookhub\apache-tomcat-9.0.24-windows-x64\apache-tomcat-9.0.24\webapps\bookhub] has finished in [721] ms
25-Sep-2019 20:18:53.939 INFO [main] org.apache.catalina.startup.HostConfig.deployDirectory Deploying web application directory [C:\Users\xinru\Documents\bookhub\apache-tomcat-9.0.24-windows-x64\apache-tomcat-9.0.24\webapps\docs]
25-Sep-2019 20:18:53.967 INFO [main] org.apache.catalina.startup.HostConfig.deployDirectory Deployment of web application directory [C:\Users\xinru\Documents\bookhub\apache-tomcat-9.0.24-windows-x64\apache-tomcat-9.0.24\webapps\docs] has finished in [28] ms
25-Sep-2019 20:18:53.968 INFO [main] org.apache.catalina.startup.HostConfig.deployDirectory Deploying web application directory [C:\Users\xinru\Documents\bookhub\apache-tomcat-9.0.24-windows-x64\apache-tomcat-9.0.24\webapps\examples]
25-Sep-2019 20:18:54.250 INFO [main] org.apache.catalina.startup.HostConfig.deployDirectory Deployment of web application directory [C:\Users\xinru\Documents\bookhub\apache-tomcat-9.0.24-windows-x64\apache-tomcat-9.0.24\webapps\examples] has finished in [283] ms
25-Sep-2019 20:18:54.253 INFO [main] org.apache.catalina.startup.HostConfig.deployDirectory Deploying web application directory [C:\Users\xinru\Documents\bookhub\apache-tomcat-9.0.24-windows-x64\apache-tomcat-9.0.24\webapps\host-manager]
25-Sep-2019 20:18:54.299 INFO [main] org.apache.catalina.startup.HostConfig.deployDirectory Deployment of web application directory [C:\Users\xinru\Documents\bookhub\apache-tomcat-9.0.24-windows-x64\apache-tomcat-9.0.24\webapps\host-manager] has finished in [46] ms
25-Sep-2019 20:18:54.299 INFO [main] org.apache.catalina.startup.HostConfig.deployDirectory Deploying web application directory [C:\Users\xinru\Documents\bookhub\apache-tomcat-9.0.24-windows-x64\apache-tomcat-9.0.24\webapps\manager]
25-Sep-2019 20:18:54.337 INFO [main] org.apache.catalina.startup.HostConfig.deployDirectory Deployment of web application directory [C:\Users\xinru\Documents\bookhub\apache-tomcat-9.0.24-windows-x64\apache-tomcat-9.0.24\webapps\manager] has finished in [38] ms
25-Sep-2019 20:18:54.338 INFO [main] org.apache.catalina.startup.HostConfig.deployDirectory Deploying web application directory [C:\Users\xinru\Documents\bookhub\apache-tomcat-9.0.24-windows-x64\apache-tomcat-9.0.24\webapps\ROOT]
25-Sep-2019 20:18:54.370 INFO [main] org.apache.catalina.startup.HostConfig.deployDirectory Deployment of web application directory [C:\Users\xinru\Documents\bookhub\apache-tomcat-9.0.24-windows-x64\apache-tomcat-9.0.24\webapps\ROOT] has finished in [32] ms
25-Sep-2019 20:18:54.376 INFO [main] org.apache.catalina.startup.Catalina.start Server startup in [1,204] milliseconds
25-Sep-2019 20:18:54.382 SEVERE [main] org.apache.catalina.core.StandardServer.await Failed to create server shutdown socket on address [localhost] and port [8005] (base port [8005] and offset [0])
	java.net.BindException: Address already in use: JVM_Bind
		at java.net.DualStackPlainSocketImpl.bind0(Native Method)
		at java.net.DualStackPlainSocketImpl.socketBind(Unknown Source)
		at java.net.AbstractPlainSocketImpl.bind(Unknown Source)
		at java.net.PlainSocketImpl.bind(Unknown Source)
		at java.net.ServerSocket.bind(Unknown Source)
		at java.net.ServerSocket.<init>(Unknown Source)
		at org.apache.catalina.core.StandardServer.await(StandardServer.java:584)
		at org.apache.catalina.startup.Catalina.await(Catalina.java:721)
		at org.apache.catalina.startup.Catalina.start(Catalina.java:667)
		at sun.reflect.NativeMethodAccessorImpl.invoke0(Native Method)
		at sun.reflect.NativeMethodAccessorImpl.invoke(Unknown Source)
		at sun.reflect.DelegatingMethodAccessorImpl.invoke(Unknown Source)
		at java.lang.reflect.Method.invoke(Unknown Source)
		at org.apache.catalina.startup.Bootstrap.start(Bootstrap.java:344)
		at org.apache.catalina.startup.Bootstrap.main(Bootstrap.java:475)
25-Sep-2019 20:18:54.391 INFO [main] org.apache.coyote.AbstractProtocol.pause Pausing ProtocolHandler ["http-nio-8080"]
25-Sep-2019 20:18:54.391 INFO [main] org.apache.coyote.AbstractProtocol.pause Pausing ProtocolHandler ["ajp-nio-8009"]
25-Sep-2019 20:18:54.392 INFO [main] org.apache.catalina.core.StandardService.stopInternal Stopping service [Catalina]
25-Sep-2019 20:18:54.419 INFO [main] org.apache.coyote.AbstractProtocol.stop Stopping ProtocolHandler ["http-nio-8080"]
25-Sep-2019 20:18:54.421 INFO [main] org.apache.coyote.AbstractProtocol.destroy Destroying ProtocolHandler ["http-nio-8080"]
25-Sep-2019 20:18:54.422 INFO [main] org.apache.coyote.AbstractProtocol.stop Stopping ProtocolHandler ["ajp-nio-8009"]
25-Sep-2019 20:18:54.422 INFO [main] org.apache.coyote.AbstractProtocol.destroy Destroying ProtocolHandler ["ajp-nio-8009"]
25-Sep-2019 20:23:29.218 INFO [main] org.apache.catalina.startup.VersionLoggerListener.log Server version name:   Apache Tomcat/9.0.24
25-Sep-2019 20:23:29.221 INFO [main] org.apache.catalina.startup.VersionLoggerListener.log Server built:          Aug 14 2019 21:16:42 UTC
25-Sep-2019 20:23:29.222 INFO [main] org.apache.catalina.startup.VersionLoggerListener.log Server version number: 9.0.24.0
25-Sep-2019 20:23:29.222 INFO [main] org.apache.catalina.startup.VersionLoggerListener.log OS Name:               Windows 10
25-Sep-2019 20:23:29.223 INFO [main] org.apache.catalina.startup.VersionLoggerListener.log OS Version:            10.0
25-Sep-2019 20:23:29.223 INFO [main] org.apache.catalina.startup.VersionLoggerListener.log Architecture:          amd64
25-Sep-2019 20:23:29.224 INFO [main] org.apache.catalina.startup.VersionLoggerListener.log Java Home:             C:\Program Files\Java\jre1.8.0_201
25-Sep-2019 20:23:29.225 INFO [main] org.apache.catalina.startup.VersionLoggerListener.log JVM Version:           1.8.0_201-b09
25-Sep-2019 20:23:29.225 INFO [main] org.apache.catalina.startup.VersionLoggerListener.log JVM Vendor:            Oracle Corporation
25-Sep-2019 20:23:29.226 INFO [main] org.apache.catalina.startup.VersionLoggerListener.log CATALINA_BASE:         C:\Users\xinru\Documents\bookhub\apache-tomcat-9.0.24-windows-x64\apache-tomcat-9.0.24
25-Sep-2019 20:23:29.226 INFO [main] org.apache.catalina.startup.VersionLoggerListener.log CATALINA_HOME:         C:\Users\xinru\Documents\bookhub\apache-tomcat-9.0.24-windows-x64\apache-tomcat-9.0.24
25-Sep-2019 20:23:29.227 INFO [main] org.apache.catalina.startup.VersionLoggerListener.log Command line argument: -Djava.util.logging.config.file=C:\Users\xinru\Documents\bookhub\apache-tomcat-9.0.24-windows-x64\apache-tomcat-9.0.24\conf\logging.properties
25-Sep-2019 20:23:29.227 INFO [main] org.apache.catalina.startup.VersionLoggerListener.log Command line argument: -Djava.util.logging.manager=org.apache.juli.ClassLoaderLogManager
25-Sep-2019 20:23:29.228 INFO [main] org.apache.catalina.startup.VersionLoggerListener.log Command line argument: -Djdk.tls.ephemeralDHKeySize=2048
25-Sep-2019 20:23:29.228 INFO [main] org.apache.catalina.startup.VersionLoggerListener.log Command line argument: -Djava.protocol.handler.pkgs=org.apache.catalina.webresources
25-Sep-2019 20:23:29.228 INFO [main] org.apache.catalina.startup.VersionLoggerListener.log Command line argument: -Dignore.endorsed.dirs=
25-Sep-2019 20:23:29.229 INFO [main] org.apache.catalina.startup.VersionLoggerListener.log Command line argument: -Dcatalina.base=C:\Users\xinru\Documents\bookhub\apache-tomcat-9.0.24-windows-x64\apache-tomcat-9.0.24
25-Sep-2019 20:23:29.231 INFO [main] org.apache.catalina.startup.VersionLoggerListener.log Command line argument: -Dcatalina.home=C:\Users\xinru\Documents\bookhub\apache-tomcat-9.0.24-windows-x64\apache-tomcat-9.0.24
25-Sep-2019 20:23:29.234 INFO [main] org.apache.catalina.startup.VersionLoggerListener.log Command line argument: -Djava.io.tmpdir=C:\Users\xinru\Documents\bookhub\apache-tomcat-9.0.24-windows-x64\apache-tomcat-9.0.24\temp
25-Sep-2019 20:23:29.235 INFO [main] org.apache.catalina.core.AprLifecycleListener.lifecycleEvent Loaded APR based Apache Tomcat Native library [1.2.23] using APR version [1.7.0].
25-Sep-2019 20:23:29.235 INFO [main] org.apache.catalina.core.AprLifecycleListener.lifecycleEvent APR capabilities: IPv6 [true], sendfile [true], accept filters [false], random [true].
25-Sep-2019 20:23:29.236 INFO [main] org.apache.catalina.core.AprLifecycleListener.lifecycleEvent APR/OpenSSL configuration: useAprConnector [false], useOpenSSL [true]
25-Sep-2019 20:23:29.240 INFO [main] org.apache.catalina.core.AprLifecycleListener.initializeSSL OpenSSL successfully initialized [OpenSSL 1.1.1c  28 May 2019]
25-Sep-2019 20:23:29.643 INFO [main] org.apache.coyote.AbstractProtocol.init Initializing ProtocolHandler ["http-nio-8080"]
25-Sep-2019 20:23:29.992 SEVERE [main] org.apache.catalina.util.LifecycleBase.handleSubClassException Failed to initialize component [Connector[HTTP/1.1-8080]]
	org.apache.catalina.LifecycleException: Protocol handler initialization failed
		at org.apache.catalina.connector.Connector.initInternal(Connector.java:983)
		at org.apache.catalina.util.LifecycleBase.init(LifecycleBase.java:136)
		at org.apache.catalina.core.StandardService.initInternal(StandardService.java:533)
		at org.apache.catalina.util.LifecycleBase.init(LifecycleBase.java:136)
		at org.apache.catalina.core.StandardServer.initInternal(StandardServer.java:1059)
		at org.apache.catalina.util.LifecycleBase.init(LifecycleBase.java:136)
		at org.apache.catalina.startup.Catalina.load(Catalina.java:584)
		at org.apache.catalina.startup.Catalina.load(Catalina.java:607)
		at sun.reflect.NativeMethodAccessorImpl.invoke0(Native Method)
		at sun.reflect.NativeMethodAccessorImpl.invoke(Unknown Source)
		at sun.reflect.DelegatingMethodAccessorImpl.invoke(Unknown Source)
		at java.lang.reflect.Method.invoke(Unknown Source)
		at org.apache.catalina.startup.Bootstrap.load(Bootstrap.java:304)
		at org.apache.catalina.startup.Bootstrap.main(Bootstrap.java:474)
	Caused by: java.net.BindException: Address already in use: bind
		at sun.nio.ch.Net.bind0(Native Method)
		at sun.nio.ch.Net.bind(Unknown Source)
		at sun.nio.ch.Net.bind(Unknown Source)
		at sun.nio.ch.ServerSocketChannelImpl.bind(Unknown Source)
		at sun.nio.ch.ServerSocketAdaptor.bind(Unknown Source)
		at org.apache.tomcat.util.net.NioEndpoint.initServerSocket(NioEndpoint.java:230)
		at org.apache.tomcat.util.net.NioEndpoint.bind(NioEndpoint.java:213)
		at org.apache.tomcat.util.net.AbstractEndpoint.bindWithCleanup(AbstractEndpoint.java:1124)
		at org.apache.tomcat.util.net.AbstractEndpoint.init(AbstractEndpoint.java:1137)
		at org.apache.coyote.AbstractProtocol.init(AbstractProtocol.java:574)
		at org.apache.coyote.http11.AbstractHttp11Protocol.init(AbstractHttp11Protocol.java:74)
		at org.apache.catalina.connector.Connector.initInternal(Connector.java:980)
		... 13 more
25-Sep-2019 20:23:30.002 INFO [main] org.apache.coyote.AbstractProtocol.init Initializing ProtocolHandler ["ajp-nio-8009"]
25-Sep-2019 20:23:30.005 SEVERE [main] org.apache.catalina.util.LifecycleBase.handleSubClassException Failed to initialize component [Connector[AJP/1.3-8009]]
	org.apache.catalina.LifecycleException: Protocol handler initialization failed
		at org.apache.catalina.connector.Connector.initInternal(Connector.java:983)
		at org.apache.catalina.util.LifecycleBase.init(LifecycleBase.java:136)
		at org.apache.catalina.core.StandardService.initInternal(StandardService.java:533)
		at org.apache.catalina.util.LifecycleBase.init(LifecycleBase.java:136)
		at org.apache.catalina.core.StandardServer.initInternal(StandardServer.java:1059)
		at org.apache.catalina.util.LifecycleBase.init(LifecycleBase.java:136)
		at org.apache.catalina.startup.Catalina.load(Catalina.java:584)
		at org.apache.catalina.startup.Catalina.load(Catalina.java:607)
		at sun.reflect.NativeMethodAccessorImpl.invoke0(Native Method)
		at sun.reflect.NativeMethodAccessorImpl.invoke(Unknown Source)
		at sun.reflect.DelegatingMethodAccessorImpl.invoke(Unknown Source)
		at java.lang.reflect.Method.invoke(Unknown Source)
		at org.apache.catalina.startup.Bootstrap.load(Bootstrap.java:304)
		at org.apache.catalina.startup.Bootstrap.main(Bootstrap.java:474)
	Caused by: java.net.BindException: Address already in use: bind
		at sun.nio.ch.Net.bind0(Native Method)
		at sun.nio.ch.Net.bind(Unknown Source)
		at sun.nio.ch.Net.bind(Unknown Source)
		at sun.nio.ch.ServerSocketChannelImpl.bind(Unknown Source)
		at sun.nio.ch.ServerSocketAdaptor.bind(Unknown Source)
		at org.apache.tomcat.util.net.NioEndpoint.initServerSocket(NioEndpoint.java:230)
		at org.apache.tomcat.util.net.NioEndpoint.bind(NioEndpoint.java:213)
		at org.apache.tomcat.util.net.AbstractEndpoint.bindWithCleanup(AbstractEndpoint.java:1124)
		at org.apache.tomcat.util.net.AbstractEndpoint.init(AbstractEndpoint.java:1137)
		at org.apache.coyote.AbstractProtocol.init(AbstractProtocol.java:574)
		at org.apache.catalina.connector.Connector.initInternal(Connector.java:980)
		... 13 more
25-Sep-2019 20:23:30.018 INFO [main] org.apache.catalina.startup.Catalina.load Server initialization in [1,091] milliseconds
25-Sep-2019 20:23:30.044 INFO [main] org.apache.catalina.core.StandardService.startInternal Starting service [Catalina]
25-Sep-2019 20:23:30.046 INFO [main] org.apache.catalina.core.StandardEngine.startInternal Starting Servlet engine: [Apache Tomcat/9.0.24]
25-Sep-2019 20:23:30.058 INFO [main] org.apache.catalina.startup.HostConfig.deployDirectory Deploying web application directory [C:\Users\xinru\Documents\bookhub\apache-tomcat-9.0.24-windows-x64\apache-tomcat-9.0.24\webapps\bookhub]
25-Sep-2019 20:23:30.734 INFO [main] org.apache.catalina.startup.HostConfig.deployDirectory Deployment of web application directory [C:\Users\xinru\Documents\bookhub\apache-tomcat-9.0.24-windows-x64\apache-tomcat-9.0.24\webapps\bookhub] has finished in [675] ms
25-Sep-2019 20:23:30.735 INFO [main] org.apache.catalina.startup.HostConfig.deployDirectory Deploying web application directory [C:\Users\xinru\Documents\bookhub\apache-tomcat-9.0.24-windows-x64\apache-tomcat-9.0.24\webapps\docs]
25-Sep-2019 20:23:30.761 INFO [main] org.apache.catalina.startup.HostConfig.deployDirectory Deployment of web application directory [C:\Users\xinru\Documents\bookhub\apache-tomcat-9.0.24-windows-x64\apache-tomcat-9.0.24\webapps\docs] has finished in [27] ms
25-Sep-2019 20:23:30.762 INFO [main] org.apache.catalina.startup.HostConfig.deployDirectory Deploying web application directory [C:\Users\xinru\Documents\bookhub\apache-tomcat-9.0.24-windows-x64\apache-tomcat-9.0.24\webapps\examples]
25-Sep-2019 20:23:31.045 INFO [main] org.apache.catalina.startup.HostConfig.deployDirectory Deployment of web application directory [C:\Users\xinru\Documents\bookhub\apache-tomcat-9.0.24-windows-x64\apache-tomcat-9.0.24\webapps\examples] has finished in [283] ms
25-Sep-2019 20:23:31.049 INFO [main] org.apache.catalina.startup.HostConfig.deployDirectory Deploying web application directory [C:\Users\xinru\Documents\bookhub\apache-tomcat-9.0.24-windows-x64\apache-tomcat-9.0.24\webapps\host-manager]
25-Sep-2019 20:23:31.086 INFO [main] org.apache.catalina.startup.HostConfig.deployDirectory Deployment of web application directory [C:\Users\xinru\Documents\bookhub\apache-tomcat-9.0.24-windows-x64\apache-tomcat-9.0.24\webapps\host-manager] has finished in [37] ms
25-Sep-2019 20:23:31.088 INFO [main] org.apache.catalina.startup.HostConfig.deployDirectory Deploying web application directory [C:\Users\xinru\Documents\bookhub\apache-tomcat-9.0.24-windows-x64\apache-tomcat-9.0.24\webapps\manager]
25-Sep-2019 20:23:31.143 INFO [main] org.apache.catalina.startup.HostConfig.deployDirectory Deployment of web application directory [C:\Users\xinru\Documents\bookhub\apache-tomcat-9.0.24-windows-x64\apache-tomcat-9.0.24\webapps\manager] has finished in [55] ms
25-Sep-2019 20:23:31.145 INFO [main] org.apache.catalina.startup.HostConfig.deployDirectory Deploying web application directory [C:\Users\xinru\Documents\bookhub\apache-tomcat-9.0.24-windows-x64\apache-tomcat-9.0.24\webapps\ROOT]
25-Sep-2019 20:23:31.182 INFO [main] org.apache.catalina.startup.HostConfig.deployDirectory Deployment of web application directory [C:\Users\xinru\Documents\bookhub\apache-tomcat-9.0.24-windows-x64\apache-tomcat-9.0.24\webapps\ROOT] has finished in [37] ms
25-Sep-2019 20:23:31.191 INFO [main] org.apache.catalina.startup.Catalina.start Server startup in [1,172] milliseconds
25-Sep-2019 20:23:31.200 SEVERE [main] org.apache.catalina.core.StandardServer.await Failed to create server shutdown socket on address [localhost] and port [8005] (base port [8005] and offset [0])
	java.net.BindException: Address already in use: JVM_Bind
		at java.net.DualStackPlainSocketImpl.bind0(Native Method)
		at java.net.DualStackPlainSocketImpl.socketBind(Unknown Source)
		at java.net.AbstractPlainSocketImpl.bind(Unknown Source)
		at java.net.PlainSocketImpl.bind(Unknown Source)
		at java.net.ServerSocket.bind(Unknown Source)
		at java.net.ServerSocket.<init>(Unknown Source)
		at org.apache.catalina.core.StandardServer.await(StandardServer.java:584)
		at org.apache.catalina.startup.Catalina.await(Catalina.java:721)
		at org.apache.catalina.startup.Catalina.start(Catalina.java:667)
		at sun.reflect.NativeMethodAccessorImpl.invoke0(Native Method)
		at sun.reflect.NativeMethodAccessorImpl.invoke(Unknown Source)
		at sun.reflect.DelegatingMethodAccessorImpl.invoke(Unknown Source)
		at java.lang.reflect.Method.invoke(Unknown Source)
		at org.apache.catalina.startup.Bootstrap.start(Bootstrap.java:344)
		at org.apache.catalina.startup.Bootstrap.main(Bootstrap.java:475)
25-Sep-2019 20:23:31.212 INFO [main] org.apache.coyote.AbstractProtocol.pause Pausing ProtocolHandler ["http-nio-8080"]
25-Sep-2019 20:23:31.213 INFO [main] org.apache.coyote.AbstractProtocol.pause Pausing ProtocolHandler ["ajp-nio-8009"]
25-Sep-2019 20:23:31.213 INFO [main] org.apache.catalina.core.StandardService.stopInternal Stopping service [Catalina]
25-Sep-2019 20:23:31.247 INFO [main] org.apache.coyote.AbstractProtocol.stop Stopping ProtocolHandler ["http-nio-8080"]
25-Sep-2019 20:23:31.247 INFO [main] org.apache.coyote.AbstractProtocol.destroy Destroying ProtocolHandler ["http-nio-8080"]
25-Sep-2019 20:23:31.248 INFO [main] org.apache.coyote.AbstractProtocol.stop Stopping ProtocolHandler ["ajp-nio-8009"]
25-Sep-2019 20:23:31.249 INFO [main] org.apache.coyote.AbstractProtocol.destroy Destroying ProtocolHandler ["ajp-nio-8009"]
25-Sep-2019 20:31:52.818 INFO [Catalina-utility-2] org.apache.catalina.startup.HostConfig.undeploy Undeploying context [/examples]
25-Sep-2019 20:31:53.377 INFO [Catalina-utility-2] org.apache.catalina.startup.HostConfig.undeploy Undeploying context [/docs]
