17-Sep-2019 18:53:05.752 INFO [main] org.apache.catalina.startup.VersionLoggerListener.log Server version name:   Apache Tomcat/9.0.24
17-Sep-2019 18:53:05.784 INFO [main] org.apache.catalina.startup.VersionLoggerListener.log Server built:          Aug 14 2019 21:16:42 UTC
17-Sep-2019 18:53:05.784 INFO [main] org.apache.catalina.startup.VersionLoggerListener.log Server version number: 9.0.24.0
17-Sep-2019 18:53:05.788 INFO [main] org.apache.catalina.startup.VersionLoggerListener.log OS Name:               Windows 10
17-Sep-2019 18:53:05.788 INFO [main] org.apache.catalina.startup.VersionLoggerListener.log OS Version:            10.0
17-Sep-2019 18:53:05.788 INFO [main] org.apache.catalina.startup.VersionLoggerListener.log Architecture:          amd64
17-Sep-2019 18:53:05.788 INFO [main] org.apache.catalina.startup.VersionLoggerListener.log Java Home:             C:\Program Files\Java\jre1.8.0_201
17-Sep-2019 18:53:05.788 INFO [main] org.apache.catalina.startup.VersionLoggerListener.log JVM Version:           1.8.0_201-b09
17-Sep-2019 18:53:05.788 INFO [main] org.apache.catalina.startup.VersionLoggerListener.log JVM Vendor:            Oracle Corporation
17-Sep-2019 18:53:05.788 INFO [main] org.apache.catalina.startup.VersionLoggerListener.log CATALINA_BASE:         C:\apache-tomcat-9.0.24-windows-x64\apache-tomcat-9.0.24
17-Sep-2019 18:53:05.788 INFO [main] org.apache.catalina.startup.VersionLoggerListener.log CATALINA_HOME:         C:\apache-tomcat-9.0.24-windows-x64\apache-tomcat-9.0.24
17-Sep-2019 18:53:05.792 INFO [main] org.apache.catalina.startup.VersionLoggerListener.log Command line argument: -Djava.util.logging.config.file=C:\apache-tomcat-9.0.24-windows-x64\apache-tomcat-9.0.24\conf\logging.properties
17-Sep-2019 18:53:05.792 INFO [main] org.apache.catalina.startup.VersionLoggerListener.log Command line argument: -Djava.util.logging.manager=org.apache.juli.ClassLoaderLogManager
17-Sep-2019 18:53:05.792 INFO [main] org.apache.catalina.startup.VersionLoggerListener.log Command line argument: -Djdk.tls.ephemeralDHKeySize=2048
17-Sep-2019 18:53:05.792 INFO [main] org.apache.catalina.startup.VersionLoggerListener.log Command line argument: -Djava.protocol.handler.pkgs=org.apache.catalina.webresources
17-Sep-2019 18:53:05.792 INFO [main] org.apache.catalina.startup.VersionLoggerListener.log Command line argument: -Dignore.endorsed.dirs=
17-Sep-2019 18:53:05.792 INFO [main] org.apache.catalina.startup.VersionLoggerListener.log Command line argument: -Dcatalina.base=C:\apache-tomcat-9.0.24-windows-x64\apache-tomcat-9.0.24
17-Sep-2019 18:53:05.800 INFO [main] org.apache.catalina.startup.VersionLoggerListener.log Command line argument: -Dcatalina.home=C:\apache-tomcat-9.0.24-windows-x64\apache-tomcat-9.0.24
17-Sep-2019 18:53:05.800 INFO [main] org.apache.catalina.startup.VersionLoggerListener.log Command line argument: -Djava.io.tmpdir=C:\apache-tomcat-9.0.24-windows-x64\apache-tomcat-9.0.24\temp
17-Sep-2019 18:53:05.800 INFO [main] org.apache.catalina.core.AprLifecycleListener.lifecycleEvent Loaded APR based Apache Tomcat Native library [1.2.23] using APR version [1.7.0].
17-Sep-2019 18:53:05.800 INFO [main] org.apache.catalina.core.AprLifecycleListener.lifecycleEvent APR capabilities: IPv6 [true], sendfile [true], accept filters [false], random [true].
17-Sep-2019 18:53:05.804 INFO [main] org.apache.catalina.core.AprLifecycleListener.lifecycleEvent APR/OpenSSL configuration: useAprConnector [false], useOpenSSL [true]
17-Sep-2019 18:53:05.808 INFO [main] org.apache.catalina.core.AprLifecycleListener.initializeSSL OpenSSL successfully initialized [OpenSSL 1.1.1c  28 May 2019]
17-Sep-2019 18:53:08.322 INFO [main] org.apache.coyote.AbstractProtocol.init Initializing ProtocolHandler ["http-nio-8080"]
17-Sep-2019 18:53:08.686 INFO [main] org.apache.coyote.AbstractProtocol.init Initializing ProtocolHandler ["ajp-nio-8009"]
17-Sep-2019 18:53:08.690 INFO [main] org.apache.catalina.startup.Catalina.load Server initialization in [3,711] milliseconds
17-Sep-2019 18:53:08.730 INFO [main] org.apache.catalina.core.StandardService.startInternal Starting service [Catalina]
17-Sep-2019 18:53:08.730 INFO [main] org.apache.catalina.core.StandardEngine.startInternal Starting Servlet engine: [Apache Tomcat/9.0.24]
17-Sep-2019 18:53:08.746 INFO [main] org.apache.catalina.startup.HostConfig.deployDirectory Deploying web application directory [C:\apache-tomcat-9.0.24-windows-x64\apache-tomcat-9.0.24\webapps\docs]
17-Sep-2019 18:53:09.149 INFO [main] org.apache.catalina.startup.HostConfig.deployDirectory Deployment of web application directory [C:\apache-tomcat-9.0.24-windows-x64\apache-tomcat-9.0.24\webapps\docs] has finished in [403] ms
17-Sep-2019 18:53:09.149 INFO [main] org.apache.catalina.startup.HostConfig.deployDirectory Deploying web application directory [C:\apache-tomcat-9.0.24-windows-x64\apache-tomcat-9.0.24\webapps\examples]
17-Sep-2019 18:53:10.928 INFO [main] org.apache.catalina.startup.HostConfig.deployDirectory Deployment of web application directory [C:\apache-tomcat-9.0.24-windows-x64\apache-tomcat-9.0.24\webapps\examples] has finished in [1,779] ms
17-Sep-2019 18:53:10.943 INFO [main] org.apache.catalina.startup.HostConfig.deployDirectory Deploying web application directory [C:\apache-tomcat-9.0.24-windows-x64\apache-tomcat-9.0.24\webapps\host-manager]
17-Sep-2019 18:53:10.991 INFO [main] org.apache.catalina.startup.HostConfig.deployDirectory Deployment of web application directory [C:\apache-tomcat-9.0.24-windows-x64\apache-tomcat-9.0.24\webapps\host-manager] has finished in [48] ms
17-Sep-2019 18:53:10.995 INFO [main] org.apache.catalina.startup.HostConfig.deployDirectory Deploying web application directory [C:\apache-tomcat-9.0.24-windows-x64\apache-tomcat-9.0.24\webapps\hw1]
17-Sep-2019 18:53:12.038 INFO [main] org.apache.catalina.startup.HostConfig.deployDirectory Deployment of web application directory [C:\apache-tomcat-9.0.24-windows-x64\apache-tomcat-9.0.24\webapps\hw1] has finished in [1,043] ms
17-Sep-2019 18:53:12.038 INFO [main] org.apache.catalina.startup.HostConfig.deployDirectory Deploying web application directory [C:\apache-tomcat-9.0.24-windows-x64\apache-tomcat-9.0.24\webapps\manager]
17-Sep-2019 18:53:12.089 INFO [main] org.apache.catalina.startup.HostConfig.deployDirectory Deployment of web application directory [C:\apache-tomcat-9.0.24-windows-x64\apache-tomcat-9.0.24\webapps\manager] has finished in [51] ms
17-Sep-2019 18:53:12.093 INFO [main] org.apache.catalina.startup.HostConfig.deployDirectory Deploying web application directory [C:\apache-tomcat-9.0.24-windows-x64\apache-tomcat-9.0.24\webapps\ROOT]
17-Sep-2019 18:53:12.133 INFO [main] org.apache.catalina.startup.HostConfig.deployDirectory Deployment of web application directory [C:\apache-tomcat-9.0.24-windows-x64\apache-tomcat-9.0.24\webapps\ROOT] has finished in [44] ms
17-Sep-2019 18:53:12.141 INFO [main] org.apache.coyote.AbstractProtocol.start Starting ProtocolHandler ["http-nio-8080"]
17-Sep-2019 18:53:12.153 INFO [main] org.apache.coyote.AbstractProtocol.start Starting ProtocolHandler ["ajp-nio-8009"]
17-Sep-2019 18:53:12.157 INFO [main] org.apache.catalina.startup.Catalina.start Server startup in [3,465] milliseconds
17-Sep-2019 18:55:56.255 INFO [Thread-5] org.apache.coyote.AbstractProtocol.pause Pausing ProtocolHandler ["http-nio-8080"]
17-Sep-2019 18:55:56.554 INFO [Thread-5] org.apache.coyote.AbstractProtocol.pause Pausing ProtocolHandler ["ajp-nio-8009"]
17-Sep-2019 18:55:56.920 INFO [Thread-5] org.apache.catalina.core.StandardService.stopInternal Stopping service [Catalina]
17-Sep-2019 18:55:56.992 INFO [Thread-5] org.apache.coyote.AbstractProtocol.stop Stopping ProtocolHandler ["http-nio-8080"]
17-Sep-2019 18:55:56.999 INFO [Thread-5] org.apache.coyote.AbstractProtocol.stop Stopping ProtocolHandler ["ajp-nio-8009"]
17-Sep-2019 18:55:57.006 INFO [Thread-5] org.apache.coyote.AbstractProtocol.destroy Destroying ProtocolHandler ["http-nio-8080"]
17-Sep-2019 18:55:57.011 INFO [Thread-5] org.apache.coyote.AbstractProtocol.destroy Destroying ProtocolHandler ["ajp-nio-8009"]
