25-Sep-2019 20:13:44.339 INFO [main] org.apache.catalina.core.ApplicationContext.log ContextListener: contextInitialized()
25-Sep-2019 20:13:44.339 INFO [main] org.apache.catalina.core.ApplicationContext.log SessionListener: contextInitialized()
25-Sep-2019 20:13:44.344 INFO [main] org.apache.catalina.core.ApplicationContext.log ContextListener: attributeAdded('StockTicker', 'async.Stockticker@477b4cdf')
25-Sep-2019 20:13:46.139 INFO [main] org.apache.catalina.core.ApplicationContext.log ContextListener: contextInitialized()
25-Sep-2019 20:13:46.139 INFO [main] org.apache.catalina.core.ApplicationContext.log SessionListener: contextInitialized()
25-Sep-2019 20:13:46.143 INFO [main] org.apache.catalina.core.ApplicationContext.log ContextListener: attributeAdded('StockTicker', 'async.Stockticker@242b836')
25-Sep-2019 20:14:12.070 INFO [http-nio-8080-exec-1] org.apache.catalina.core.ApplicationContext.log ContextListener: attributeAdded('org.apache.jasper.runtime.JspApplicationContextImpl', 'org.apache.jasper.runtime.JspApplicationContextImpl@5b249999')
25-Sep-2019 20:14:12.136 INFO [http-nio-8080-exec-1] org.apache.catalina.core.ApplicationContext.log ContextListener: attributeAdded('org.apache.jasper.compiler.ELInterpreter', 'org.apache.jasper.compiler.ELInterpreterFactory$DefaultELInterpreter@4022b8e2')
25-Sep-2019 20:14:13.318 SEVERE [http-nio-8080-exec-1] org.apache.catalina.core.StandardWrapperValve.invoke Servlet.service() for servlet [jsp] in context with path [/bookhub] threw exception [Unable to compile class for JSP: 

An error occurred at line: [16] in the jsp file: [/index.jsp]
Syntax error on token "<", assert expected
13:     Class.forName("com.mysql.jdbc.Driver");
14:     con = DriverManager.getConnection("jdbc:mysql://localhost/bookhub", user, "!Salmonfoodie22");
15:     out.println (db+ "database successfully opened.");
16:     <!-- Statement stmt = con.createStatement();
17: 	ResultSet rs = stmt.executeQuery("select * from cs157a.emp");
18: 	while (rs.next())
19: 		out.println(rs.getInt(1) + " " + rs.getString(2) + " " + rs.getInt(3));


An error occurred at line: [16] in the jsp file: [/index.jsp]
Syntax error, insert ";" to complete AssertStatement
13:     Class.forName("com.mysql.jdbc.Driver");
14:     con = DriverManager.getConnection("jdbc:mysql://localhost/bookhub", user, "!Salmonfoodie22");
15:     out.println (db+ "database successfully opened.");
16:     <!-- Statement stmt = con.createStatement();
17: 	ResultSet rs = stmt.executeQuery("select * from cs157a.emp");
18: 	while (rs.next())
19: 		out.println(rs.getInt(1) + " " + rs.getString(2) + " " + rs.getInt(3));


An error occurred at line: [16] in the jsp file: [/index.jsp]
Statement cannot be resolved to a variable
13:     Class.forName("com.mysql.jdbc.Driver");
14:     con = DriverManager.getConnection("jdbc:mysql://localhost/bookhub", user, "!Salmonfoodie22");
15:     out.println (db+ "database successfully opened.");
16:     <!-- Statement stmt = con.createStatement();
17: 	ResultSet rs = stmt.executeQuery("select * from cs157a.emp");
18: 	while (rs.next())
19: 		out.println(rs.getInt(1) + " " + rs.getString(2) + " " + rs.getInt(3));


An error occurred at line: [16] in the jsp file: [/index.jsp]
stmt cannot be resolved to a variable
13:     Class.forName("com.mysql.jdbc.Driver");
14:     con = DriverManager.getConnection("jdbc:mysql://localhost/bookhub", user, "!Salmonfoodie22");
15:     out.println (db+ "database successfully opened.");
16:     <!-- Statement stmt = con.createStatement();
17: 	ResultSet rs = stmt.executeQuery("select * from cs157a.emp");
18: 	while (rs.next())
19: 		out.println(rs.getInt(1) + " " + rs.getString(2) + " " + rs.getInt(3));


An error occurred at line: [17] in the jsp file: [/index.jsp]
stmt cannot be resolved
14:     con = DriverManager.getConnection("jdbc:mysql://localhost/bookhub", user, "!Salmonfoodie22");
15:     out.println (db+ "database successfully opened.");
16:     <!-- Statement stmt = con.createStatement();
17: 	ResultSet rs = stmt.executeQuery("select * from cs157a.emp");
18: 	while (rs.next())
19: 		out.println(rs.getInt(1) + " " + rs.getString(2) + " " + rs.getInt(3));
20:     }


An error occurred at line: [23] in the jsp file: [/index.jsp]
Syntax error on token ">", delete this token
20:     }
21:     catch(SQLException e) {
22:     out.println("SQLException caught: " +e.getMessage());
23:     } -->
24: %>
25: </body>
26: </html>


Stacktrace:] with root cause
	org.apache.jasper.JasperException: Unable to compile class for JSP: 

An error occurred at line: [16] in the jsp file: [/index.jsp]
Syntax error on token "<", assert expected
13:     Class.forName("com.mysql.jdbc.Driver");
14:     con = DriverManager.getConnection("jdbc:mysql://localhost/bookhub", user, "!Salmonfoodie22");
15:     out.println (db+ "database successfully opened.");
16:     <!-- Statement stmt = con.createStatement();
17: 	ResultSet rs = stmt.executeQuery("select * from cs157a.emp");
18: 	while (rs.next())
19: 		out.println(rs.getInt(1) + " " + rs.getString(2) + " " + rs.getInt(3));


An error occurred at line: [16] in the jsp file: [/index.jsp]
Syntax error, insert ";" to complete AssertStatement
13:     Class.forName("com.mysql.jdbc.Driver");
14:     con = DriverManager.getConnection("jdbc:mysql://localhost/bookhub", user, "!Salmonfoodie22");
15:     out.println (db+ "database successfully opened.");
16:     <!-- Statement stmt = con.createStatement();
17: 	ResultSet rs = stmt.executeQuery("select * from cs157a.emp");
18: 	while (rs.next())
19: 		out.println(rs.getInt(1) + " " + rs.getString(2) + " " + rs.getInt(3));


An error occurred at line: [16] in the jsp file: [/index.jsp]
Statement cannot be resolved to a variable
13:     Class.forName("com.mysql.jdbc.Driver");
14:     con = DriverManager.getConnection("jdbc:mysql://localhost/bookhub", user, "!Salmonfoodie22");
15:     out.println (db+ "database successfully opened.");
16:     <!-- Statement stmt = con.createStatement();
17: 	ResultSet rs = stmt.executeQuery("select * from cs157a.emp");
18: 	while (rs.next())
19: 		out.println(rs.getInt(1) + " " + rs.getString(2) + " " + rs.getInt(3));


An error occurred at line: [16] in the jsp file: [/index.jsp]
stmt cannot be resolved to a variable
13:     Class.forName("com.mysql.jdbc.Driver");
14:     con = DriverManager.getConnection("jdbc:mysql://localhost/bookhub", user, "!Salmonfoodie22");
15:     out.println (db+ "database successfully opened.");
16:     <!-- Statement stmt = con.createStatement();
17: 	ResultSet rs = stmt.executeQuery("select * from cs157a.emp");
18: 	while (rs.next())
19: 		out.println(rs.getInt(1) + " " + rs.getString(2) + " " + rs.getInt(3));


An error occurred at line: [17] in the jsp file: [/index.jsp]
stmt cannot be resolved
14:     con = DriverManager.getConnection("jdbc:mysql://localhost/bookhub", user, "!Salmonfoodie22");
15:     out.println (db+ "database successfully opened.");
16:     <!-- Statement stmt = con.createStatement();
17: 	ResultSet rs = stmt.executeQuery("select * from cs157a.emp");
18: 	while (rs.next())
19: 		out.println(rs.getInt(1) + " " + rs.getString(2) + " " + rs.getInt(3));
20:     }


An error occurred at line: [23] in the jsp file: [/index.jsp]
Syntax error on token ">", delete this token
20:     }
21:     catch(SQLException e) {
22:     out.println("SQLException caught: " +e.getMessage());
23:     } -->
24: %>
25: </body>
26: </html>


Stacktrace:
		at org.apache.jasper.compiler.DefaultErrorHandler.javacError(DefaultErrorHandler.java:103)
		at org.apache.jasper.compiler.ErrorDispatcher.javacError(ErrorDispatcher.java:213)
		at org.apache.jasper.compiler.JDTCompiler.generateClass(JDTCompiler.java:522)
		at org.apache.jasper.compiler.Compiler.compile(Compiler.java:392)
		at org.apache.jasper.compiler.Compiler.compile(Compiler.java:362)
		at org.apache.jasper.compiler.Compiler.compile(Compiler.java:346)
		at org.apache.jasper.JspCompilationContext.compile(JspCompilationContext.java:603)
		at org.apache.jasper.servlet.JspServletWrapper.service(JspServletWrapper.java:399)
		at org.apache.jasper.servlet.JspServlet.serviceJspFile(JspServlet.java:385)
		at org.apache.jasper.servlet.JspServlet.service(JspServlet.java:329)
		at javax.servlet.http.HttpServlet.service(HttpServlet.java:741)
		at org.apache.catalina.core.ApplicationFilterChain.internalDoFilter(ApplicationFilterChain.java:231)
		at org.apache.catalina.core.ApplicationFilterChain.doFilter(ApplicationFilterChain.java:166)
		at org.apache.tomcat.websocket.server.WsFilter.doFilter(WsFilter.java:53)
		at org.apache.catalina.core.ApplicationFilterChain.internalDoFilter(ApplicationFilterChain.java:193)
		at org.apache.catalina.core.ApplicationFilterChain.doFilter(ApplicationFilterChain.java:166)
		at org.apache.catalina.core.StandardWrapperValve.invoke(StandardWrapperValve.java:202)
		at org.apache.catalina.core.StandardContextValve.invoke(StandardContextValve.java:96)
		at org.apache.catalina.authenticator.AuthenticatorBase.invoke(AuthenticatorBase.java:526)
		at org.apache.catalina.core.StandardHostValve.invoke(StandardHostValve.java:139)
		at org.apache.catalina.valves.ErrorReportValve.invoke(ErrorReportValve.java:92)
		at org.apache.catalina.valves.AbstractAccessLogValve.invoke(AbstractAccessLogValve.java:678)
		at org.apache.catalina.core.StandardEngineValve.invoke(StandardEngineValve.java:74)
		at org.apache.catalina.connector.CoyoteAdapter.service(CoyoteAdapter.java:343)
		at org.apache.coyote.http11.Http11Processor.service(Http11Processor.java:408)
		at org.apache.coyote.AbstractProcessorLight.process(AbstractProcessorLight.java:66)
		at org.apache.coyote.AbstractProtocol$ConnectionHandler.process(AbstractProtocol.java:860)
		at org.apache.tomcat.util.net.NioEndpoint$SocketProcessor.doRun(NioEndpoint.java:1587)
		at org.apache.tomcat.util.net.SocketProcessorBase.run(SocketProcessorBase.java:49)
		at java.util.concurrent.ThreadPoolExecutor.runWorker(Unknown Source)
		at java.util.concurrent.ThreadPoolExecutor$Worker.run(Unknown Source)
		at org.apache.tomcat.util.threads.TaskThread$WrappingRunnable.run(TaskThread.java:61)
		at java.lang.Thread.run(Unknown Source)
25-Sep-2019 20:15:37.718 SEVERE [http-nio-8080-exec-4] org.apache.catalina.core.StandardWrapperValve.invoke Servlet.service() for servlet [jsp] in context with path [/bookhub] threw exception [Unable to compile class for JSP: 

An error occurred at line: [16] in the jsp file: [/index.jsp]
Syntax error on token "<", assert expected
13:     Class.forName("com.mysql.jdbc.Driver");
14:     con = DriverManager.getConnection("jdbc:mysql://localhost/bookhub", user, "!Salmonfoodie22");
15:     out.println (db+ "database successfully opened.");
16:     <!-- Statement stmt = con.createStatement();
17: 	ResultSet rs = stmt.executeQuery("select * from cs157a.emp");
18: 	while (rs.next())
19: 		out.println(rs.getInt(1) + " " + rs.getString(2) + " " + rs.getInt(3));


An error occurred at line: [16] in the jsp file: [/index.jsp]
Syntax error, insert ";" to complete AssertStatement
13:     Class.forName("com.mysql.jdbc.Driver");
14:     con = DriverManager.getConnection("jdbc:mysql://localhost/bookhub", user, "!Salmonfoodie22");
15:     out.println (db+ "database successfully opened.");
16:     <!-- Statement stmt = con.createStatement();
17: 	ResultSet rs = stmt.executeQuery("select * from cs157a.emp");
18: 	while (rs.next())
19: 		out.println(rs.getInt(1) + " " + rs.getString(2) + " " + rs.getInt(3));


An error occurred at line: [16] in the jsp file: [/index.jsp]
Statement cannot be resolved to a variable
13:     Class.forName("com.mysql.jdbc.Driver");
14:     con = DriverManager.getConnection("jdbc:mysql://localhost/bookhub", user, "!Salmonfoodie22");
15:     out.println (db+ "database successfully opened.");
16:     <!-- Statement stmt = con.createStatement();
17: 	ResultSet rs = stmt.executeQuery("select * from cs157a.emp");
18: 	while (rs.next())
19: 		out.println(rs.getInt(1) + " " + rs.getString(2) + " " + rs.getInt(3));


An error occurred at line: [16] in the jsp file: [/index.jsp]
stmt cannot be resolved to a variable
13:     Class.forName("com.mysql.jdbc.Driver");
14:     con = DriverManager.getConnection("jdbc:mysql://localhost/bookhub", user, "!Salmonfoodie22");
15:     out.println (db+ "database successfully opened.");
16:     <!-- Statement stmt = con.createStatement();
17: 	ResultSet rs = stmt.executeQuery("select * from cs157a.emp");
18: 	while (rs.next())
19: 		out.println(rs.getInt(1) + " " + rs.getString(2) + " " + rs.getInt(3));


An error occurred at line: [17] in the jsp file: [/index.jsp]
stmt cannot be resolved
14:     con = DriverManager.getConnection("jdbc:mysql://localhost/bookhub", user, "!Salmonfoodie22");
15:     out.println (db+ "database successfully opened.");
16:     <!-- Statement stmt = con.createStatement();
17: 	ResultSet rs = stmt.executeQuery("select * from cs157a.emp");
18: 	while (rs.next())
19: 		out.println(rs.getInt(1) + " " + rs.getString(2) + " " + rs.getInt(3));
20:     }


An error occurred at line: [23] in the jsp file: [/index.jsp]
Syntax error on token ">", delete this token
20:     }
21:     catch(SQLException e) {
22:     out.println("SQLException caught: " +e.getMessage());
23:     } -->
24: %>
25: </body>
26: </html>


Stacktrace:] with root cause
	org.apache.jasper.JasperException: Unable to compile class for JSP: 

An error occurred at line: [16] in the jsp file: [/index.jsp]
Syntax error on token "<", assert expected
13:     Class.forName("com.mysql.jdbc.Driver");
14:     con = DriverManager.getConnection("jdbc:mysql://localhost/bookhub", user, "!Salmonfoodie22");
15:     out.println (db+ "database successfully opened.");
16:     <!-- Statement stmt = con.createStatement();
17: 	ResultSet rs = stmt.executeQuery("select * from cs157a.emp");
18: 	while (rs.next())
19: 		out.println(rs.getInt(1) + " " + rs.getString(2) + " " + rs.getInt(3));


An error occurred at line: [16] in the jsp file: [/index.jsp]
Syntax error, insert ";" to complete AssertStatement
13:     Class.forName("com.mysql.jdbc.Driver");
14:     con = DriverManager.getConnection("jdbc:mysql://localhost/bookhub", user, "!Salmonfoodie22");
15:     out.println (db+ "database successfully opened.");
16:     <!-- Statement stmt = con.createStatement();
17: 	ResultSet rs = stmt.executeQuery("select * from cs157a.emp");
18: 	while (rs.next())
19: 		out.println(rs.getInt(1) + " " + rs.getString(2) + " " + rs.getInt(3));


An error occurred at line: [16] in the jsp file: [/index.jsp]
Statement cannot be resolved to a variable
13:     Class.forName("com.mysql.jdbc.Driver");
14:     con = DriverManager.getConnection("jdbc:mysql://localhost/bookhub", user, "!Salmonfoodie22");
15:     out.println (db+ "database successfully opened.");
16:     <!-- Statement stmt = con.createStatement();
17: 	ResultSet rs = stmt.executeQuery("select * from cs157a.emp");
18: 	while (rs.next())
19: 		out.println(rs.getInt(1) + " " + rs.getString(2) + " " + rs.getInt(3));


An error occurred at line: [16] in the jsp file: [/index.jsp]
stmt cannot be resolved to a variable
13:     Class.forName("com.mysql.jdbc.Driver");
14:     con = DriverManager.getConnection("jdbc:mysql://localhost/bookhub", user, "!Salmonfoodie22");
15:     out.println (db+ "database successfully opened.");
16:     <!-- Statement stmt = con.createStatement();
17: 	ResultSet rs = stmt.executeQuery("select * from cs157a.emp");
18: 	while (rs.next())
19: 		out.println(rs.getInt(1) + " " + rs.getString(2) + " " + rs.getInt(3));


An error occurred at line: [17] in the jsp file: [/index.jsp]
stmt cannot be resolved
14:     con = DriverManager.getConnection("jdbc:mysql://localhost/bookhub", user, "!Salmonfoodie22");
15:     out.println (db+ "database successfully opened.");
16:     <!-- Statement stmt = con.createStatement();
17: 	ResultSet rs = stmt.executeQuery("select * from cs157a.emp");
18: 	while (rs.next())
19: 		out.println(rs.getInt(1) + " " + rs.getString(2) + " " + rs.getInt(3));
20:     }


An error occurred at line: [23] in the jsp file: [/index.jsp]
Syntax error on token ">", delete this token
20:     }
21:     catch(SQLException e) {
22:     out.println("SQLException caught: " +e.getMessage());
23:     } -->
24: %>
25: </body>
26: </html>


Stacktrace:
		at org.apache.jasper.compiler.DefaultErrorHandler.javacError(DefaultErrorHandler.java:103)
		at org.apache.jasper.compiler.ErrorDispatcher.javacError(ErrorDispatcher.java:213)
		at org.apache.jasper.compiler.JDTCompiler.generateClass(JDTCompiler.java:522)
		at org.apache.jasper.compiler.Compiler.compile(Compiler.java:392)
		at org.apache.jasper.compiler.Compiler.compile(Compiler.java:362)
		at org.apache.jasper.compiler.Compiler.compile(Compiler.java:346)
		at org.apache.jasper.JspCompilationContext.compile(JspCompilationContext.java:603)
		at org.apache.jasper.servlet.JspServletWrapper.service(JspServletWrapper.java:399)
		at org.apache.jasper.servlet.JspServlet.serviceJspFile(JspServlet.java:385)
		at org.apache.jasper.servlet.JspServlet.service(JspServlet.java:329)
		at javax.servlet.http.HttpServlet.service(HttpServlet.java:741)
		at org.apache.catalina.core.ApplicationFilterChain.internalDoFilter(ApplicationFilterChain.java:231)
		at org.apache.catalina.core.ApplicationFilterChain.doFilter(ApplicationFilterChain.java:166)
		at org.apache.tomcat.websocket.server.WsFilter.doFilter(WsFilter.java:53)
		at org.apache.catalina.core.ApplicationFilterChain.internalDoFilter(ApplicationFilterChain.java:193)
		at org.apache.catalina.core.ApplicationFilterChain.doFilter(ApplicationFilterChain.java:166)
		at org.apache.catalina.core.StandardWrapperValve.invoke(StandardWrapperValve.java:202)
		at org.apache.catalina.core.StandardContextValve.invoke(StandardContextValve.java:96)
		at org.apache.catalina.authenticator.AuthenticatorBase.invoke(AuthenticatorBase.java:526)
		at org.apache.catalina.core.StandardHostValve.invoke(StandardHostValve.java:139)
		at org.apache.catalina.valves.ErrorReportValve.invoke(ErrorReportValve.java:92)
		at org.apache.catalina.valves.AbstractAccessLogValve.invoke(AbstractAccessLogValve.java:678)
		at org.apache.catalina.core.StandardEngineValve.invoke(StandardEngineValve.java:74)
		at org.apache.catalina.connector.CoyoteAdapter.service(CoyoteAdapter.java:343)
		at org.apache.coyote.http11.Http11Processor.service(Http11Processor.java:408)
		at org.apache.coyote.AbstractProcessorLight.process(AbstractProcessorLight.java:66)
		at org.apache.coyote.AbstractProtocol$ConnectionHandler.process(AbstractProtocol.java:860)
		at org.apache.tomcat.util.net.NioEndpoint$SocketProcessor.doRun(NioEndpoint.java:1587)
		at org.apache.tomcat.util.net.SocketProcessorBase.run(SocketProcessorBase.java:49)
		at java.util.concurrent.ThreadPoolExecutor.runWorker(Unknown Source)
		at java.util.concurrent.ThreadPoolExecutor$Worker.run(Unknown Source)
		at org.apache.tomcat.util.threads.TaskThread$WrappingRunnable.run(TaskThread.java:61)
		at java.lang.Thread.run(Unknown Source)
25-Sep-2019 20:15:39.418 SEVERE [http-nio-8080-exec-5] org.apache.catalina.core.StandardWrapperValve.invoke Servlet.service() for servlet [jsp] in context with path [/bookhub] threw exception [org.apache.jasper.JasperException: java.lang.ClassNotFoundException: org.apache.jsp.index_jsp] with root cause
	java.lang.ClassNotFoundException: org.apache.jsp.index_jsp
		at java.net.URLClassLoader.findClass(Unknown Source)
		at org.apache.jasper.servlet.JasperLoader.loadClass(JasperLoader.java:128)
		at org.apache.jasper.servlet.JasperLoader.loadClass(JasperLoader.java:59)
		at org.apache.catalina.core.DefaultInstanceManager.newInstance(DefaultInstanceManager.java:159)
		at org.apache.jasper.servlet.JspServletWrapper.getServlet(JspServletWrapper.java:193)
		at org.apache.jasper.servlet.JspServletWrapper.service(JspServletWrapper.java:413)
		at org.apache.jasper.servlet.JspServlet.serviceJspFile(JspServlet.java:385)
		at org.apache.jasper.servlet.JspServlet.service(JspServlet.java:329)
		at javax.servlet.http.HttpServlet.service(HttpServlet.java:741)
		at org.apache.catalina.core.ApplicationFilterChain.internalDoFilter(ApplicationFilterChain.java:231)
		at org.apache.catalina.core.ApplicationFilterChain.doFilter(ApplicationFilterChain.java:166)
		at org.apache.tomcat.websocket.server.WsFilter.doFilter(WsFilter.java:53)
		at org.apache.catalina.core.ApplicationFilterChain.internalDoFilter(ApplicationFilterChain.java:193)
		at org.apache.catalina.core.ApplicationFilterChain.doFilter(ApplicationFilterChain.java:166)
		at org.apache.catalina.core.StandardWrapperValve.invoke(StandardWrapperValve.java:202)
		at org.apache.catalina.core.StandardContextValve.invoke(StandardContextValve.java:96)
		at org.apache.catalina.authenticator.AuthenticatorBase.invoke(AuthenticatorBase.java:526)
		at org.apache.catalina.core.StandardHostValve.invoke(StandardHostValve.java:139)
		at org.apache.catalina.valves.ErrorReportValve.invoke(ErrorReportValve.java:92)
		at org.apache.catalina.valves.AbstractAccessLogValve.invoke(AbstractAccessLogValve.java:678)
		at org.apache.catalina.core.StandardEngineValve.invoke(StandardEngineValve.java:74)
		at org.apache.catalina.connector.CoyoteAdapter.service(CoyoteAdapter.java:343)
		at org.apache.coyote.http11.Http11Processor.service(Http11Processor.java:408)
		at org.apache.coyote.AbstractProcessorLight.process(AbstractProcessorLight.java:66)
		at org.apache.coyote.AbstractProtocol$ConnectionHandler.process(AbstractProtocol.java:860)
		at org.apache.tomcat.util.net.NioEndpoint$SocketProcessor.doRun(NioEndpoint.java:1587)
		at org.apache.tomcat.util.net.SocketProcessorBase.run(SocketProcessorBase.java:49)
		at java.util.concurrent.ThreadPoolExecutor.runWorker(Unknown Source)
		at java.util.concurrent.ThreadPoolExecutor$Worker.run(Unknown Source)
		at org.apache.tomcat.util.threads.TaskThread$WrappingRunnable.run(TaskThread.java:61)
		at java.lang.Thread.run(Unknown Source)
25-Sep-2019 20:16:02.517 SEVERE [http-nio-8080-exec-9] org.apache.catalina.core.StandardWrapperValve.invoke Servlet.service() for servlet [jsp] in context with path [/bookhub] threw exception [Unable to compile class for JSP: 

An error occurred at line: [16] in the jsp file: [/index.jsp]
Syntax error on token "<", assert expected
13:     Class.forName("com.mysql.jdbc.Driver");
14:     con = DriverManager.getConnection("jdbc:mysql://localhost/bookhub", user, "!Salmonfoodie22");
15:     out.println (db+ "database successfully opened.");
16:     <!-- Statement stmt = con.createStatement();
17: 	ResultSet rs = stmt.executeQuery("select * from cs157a.emp");
18: 	while (rs.next())
19: 		out.println(rs.getInt(1) + " " + rs.getString(2) + " " + rs.getInt(3));


An error occurred at line: [16] in the jsp file: [/index.jsp]
Syntax error, insert ";" to complete AssertStatement
13:     Class.forName("com.mysql.jdbc.Driver");
14:     con = DriverManager.getConnection("jdbc:mysql://localhost/bookhub", user, "!Salmonfoodie22");
15:     out.println (db+ "database successfully opened.");
16:     <!-- Statement stmt = con.createStatement();
17: 	ResultSet rs = stmt.executeQuery("select * from cs157a.emp");
18: 	while (rs.next())
19: 		out.println(rs.getInt(1) + " " + rs.getString(2) + " " + rs.getInt(3));


An error occurred at line: [16] in the jsp file: [/index.jsp]
Statement cannot be resolved to a variable
13:     Class.forName("com.mysql.jdbc.Driver");
14:     con = DriverManager.getConnection("jdbc:mysql://localhost/bookhub", user, "!Salmonfoodie22");
15:     out.println (db+ "database successfully opened.");
16:     <!-- Statement stmt = con.createStatement();
17: 	ResultSet rs = stmt.executeQuery("select * from cs157a.emp");
18: 	while (rs.next())
19: 		out.println(rs.getInt(1) + " " + rs.getString(2) + " " + rs.getInt(3));


An error occurred at line: [16] in the jsp file: [/index.jsp]
stmt cannot be resolved to a variable
13:     Class.forName("com.mysql.jdbc.Driver");
14:     con = DriverManager.getConnection("jdbc:mysql://localhost/bookhub", user, "!Salmonfoodie22");
15:     out.println (db+ "database successfully opened.");
16:     <!-- Statement stmt = con.createStatement();
17: 	ResultSet rs = stmt.executeQuery("select * from cs157a.emp");
18: 	while (rs.next())
19: 		out.println(rs.getInt(1) + " " + rs.getString(2) + " " + rs.getInt(3));


An error occurred at line: [17] in the jsp file: [/index.jsp]
stmt cannot be resolved
14:     con = DriverManager.getConnection("jdbc:mysql://localhost/bookhub", user, "!Salmonfoodie22");
15:     out.println (db+ "database successfully opened.");
16:     <!-- Statement stmt = con.createStatement();
17: 	ResultSet rs = stmt.executeQuery("select * from cs157a.emp");
18: 	while (rs.next())
19: 		out.println(rs.getInt(1) + " " + rs.getString(2) + " " + rs.getInt(3));
20:     }


An error occurred at line: [23] in the jsp file: [/index.jsp]
Syntax error on token ">", delete this token
20:     }
21:     catch(SQLException e) {
22:     out.println("SQLException caught: " +e.getMessage());
23:     } -->
24: %>
25: </body>
26: </html>


Stacktrace:] with root cause
	org.apache.jasper.JasperException: Unable to compile class for JSP: 

An error occurred at line: [16] in the jsp file: [/index.jsp]
Syntax error on token "<", assert expected
13:     Class.forName("com.mysql.jdbc.Driver");
14:     con = DriverManager.getConnection("jdbc:mysql://localhost/bookhub", user, "!Salmonfoodie22");
15:     out.println (db+ "database successfully opened.");
16:     <!-- Statement stmt = con.createStatement();
17: 	ResultSet rs = stmt.executeQuery("select * from cs157a.emp");
18: 	while (rs.next())
19: 		out.println(rs.getInt(1) + " " + rs.getString(2) + " " + rs.getInt(3));


An error occurred at line: [16] in the jsp file: [/index.jsp]
Syntax error, insert ";" to complete AssertStatement
13:     Class.forName("com.mysql.jdbc.Driver");
14:     con = DriverManager.getConnection("jdbc:mysql://localhost/bookhub", user, "!Salmonfoodie22");
15:     out.println (db+ "database successfully opened.");
16:     <!-- Statement stmt = con.createStatement();
17: 	ResultSet rs = stmt.executeQuery("select * from cs157a.emp");
18: 	while (rs.next())
19: 		out.println(rs.getInt(1) + " " + rs.getString(2) + " " + rs.getInt(3));


An error occurred at line: [16] in the jsp file: [/index.jsp]
Statement cannot be resolved to a variable
13:     Class.forName("com.mysql.jdbc.Driver");
14:     con = DriverManager.getConnection("jdbc:mysql://localhost/bookhub", user, "!Salmonfoodie22");
15:     out.println (db+ "database successfully opened.");
16:     <!-- Statement stmt = con.createStatement();
17: 	ResultSet rs = stmt.executeQuery("select * from cs157a.emp");
18: 	while (rs.next())
19: 		out.println(rs.getInt(1) + " " + rs.getString(2) + " " + rs.getInt(3));


An error occurred at line: [16] in the jsp file: [/index.jsp]
stmt cannot be resolved to a variable
13:     Class.forName("com.mysql.jdbc.Driver");
14:     con = DriverManager.getConnection("jdbc:mysql://localhost/bookhub", user, "!Salmonfoodie22");
15:     out.println (db+ "database successfully opened.");
16:     <!-- Statement stmt = con.createStatement();
17: 	ResultSet rs = stmt.executeQuery("select * from cs157a.emp");
18: 	while (rs.next())
19: 		out.println(rs.getInt(1) + " " + rs.getString(2) + " " + rs.getInt(3));


An error occurred at line: [17] in the jsp file: [/index.jsp]
stmt cannot be resolved
14:     con = DriverManager.getConnection("jdbc:mysql://localhost/bookhub", user, "!Salmonfoodie22");
15:     out.println (db+ "database successfully opened.");
16:     <!-- Statement stmt = con.createStatement();
17: 	ResultSet rs = stmt.executeQuery("select * from cs157a.emp");
18: 	while (rs.next())
19: 		out.println(rs.getInt(1) + " " + rs.getString(2) + " " + rs.getInt(3));
20:     }


An error occurred at line: [23] in the jsp file: [/index.jsp]
Syntax error on token ">", delete this token
20:     }
21:     catch(SQLException e) {
22:     out.println("SQLException caught: " +e.getMessage());
23:     } -->
24: %>
25: </body>
26: </html>


Stacktrace:
		at org.apache.jasper.compiler.DefaultErrorHandler.javacError(DefaultErrorHandler.java:103)
		at org.apache.jasper.compiler.ErrorDispatcher.javacError(ErrorDispatcher.java:213)
		at org.apache.jasper.compiler.JDTCompiler.generateClass(JDTCompiler.java:522)
		at org.apache.jasper.compiler.Compiler.compile(Compiler.java:392)
		at org.apache.jasper.compiler.Compiler.compile(Compiler.java:362)
		at org.apache.jasper.compiler.Compiler.compile(Compiler.java:346)
		at org.apache.jasper.JspCompilationContext.compile(JspCompilationContext.java:603)
		at org.apache.jasper.servlet.JspServletWrapper.service(JspServletWrapper.java:399)
		at org.apache.jasper.servlet.JspServlet.serviceJspFile(JspServlet.java:385)
		at org.apache.jasper.servlet.JspServlet.service(JspServlet.java:329)
		at javax.servlet.http.HttpServlet.service(HttpServlet.java:741)
		at org.apache.catalina.core.ApplicationFilterChain.internalDoFilter(ApplicationFilterChain.java:231)
		at org.apache.catalina.core.ApplicationFilterChain.doFilter(ApplicationFilterChain.java:166)
		at org.apache.tomcat.websocket.server.WsFilter.doFilter(WsFilter.java:53)
		at org.apache.catalina.core.ApplicationFilterChain.internalDoFilter(ApplicationFilterChain.java:193)
		at org.apache.catalina.core.ApplicationFilterChain.doFilter(ApplicationFilterChain.java:166)
		at org.apache.catalina.core.StandardWrapperValve.invoke(StandardWrapperValve.java:202)
		at org.apache.catalina.core.StandardContextValve.invoke(StandardContextValve.java:96)
		at org.apache.catalina.authenticator.AuthenticatorBase.invoke(AuthenticatorBase.java:526)
		at org.apache.catalina.core.StandardHostValve.invoke(StandardHostValve.java:139)
		at org.apache.catalina.valves.ErrorReportValve.invoke(ErrorReportValve.java:92)
		at org.apache.catalina.valves.AbstractAccessLogValve.invoke(AbstractAccessLogValve.java:678)
		at org.apache.catalina.core.StandardEngineValve.invoke(StandardEngineValve.java:74)
		at org.apache.catalina.connector.CoyoteAdapter.service(CoyoteAdapter.java:343)
		at org.apache.coyote.http11.Http11Processor.service(Http11Processor.java:408)
		at org.apache.coyote.AbstractProcessorLight.process(AbstractProcessorLight.java:66)
		at org.apache.coyote.AbstractProtocol$ConnectionHandler.process(AbstractProtocol.java:860)
		at org.apache.tomcat.util.net.NioEndpoint$SocketProcessor.doRun(NioEndpoint.java:1587)
		at org.apache.tomcat.util.net.SocketProcessorBase.run(SocketProcessorBase.java:49)
		at java.util.concurrent.ThreadPoolExecutor.runWorker(Unknown Source)
		at java.util.concurrent.ThreadPoolExecutor$Worker.run(Unknown Source)
		at org.apache.tomcat.util.threads.TaskThread$WrappingRunnable.run(TaskThread.java:61)
		at java.lang.Thread.run(Unknown Source)
25-Sep-2019 20:16:26.261 SEVERE [http-nio-8080-exec-10] org.apache.catalina.core.StandardWrapperValve.invoke Servlet.service() for servlet [jsp] in context with path [/bookhub] threw exception [Unable to compile class for JSP: 

An error occurred at line: [16] in the jsp file: [/index.jsp]
Syntax error on token "<", assert expected
13:     Class.forName("com.mysql.jdbc.Driver");
14:     con = DriverManager.getConnection("jdbc:mysql://localhost/bookhub", user, "!Salmonfoodie22");
15:     out.println (db+ "database successfully opened.");
16:     <!-- Statement stmt = con.createStatement();
17: 	ResultSet rs = stmt.executeQuery("select * from cs157a.emp");
18: 	while (rs.next())
19: 		out.println(rs.getInt(1) + " " + rs.getString(2) + " " + rs.getInt(3));


An error occurred at line: [16] in the jsp file: [/index.jsp]
Syntax error, insert ";" to complete AssertStatement
13:     Class.forName("com.mysql.jdbc.Driver");
14:     con = DriverManager.getConnection("jdbc:mysql://localhost/bookhub", user, "!Salmonfoodie22");
15:     out.println (db+ "database successfully opened.");
16:     <!-- Statement stmt = con.createStatement();
17: 	ResultSet rs = stmt.executeQuery("select * from cs157a.emp");
18: 	while (rs.next())
19: 		out.println(rs.getInt(1) + " " + rs.getString(2) + " " + rs.getInt(3));


An error occurred at line: [16] in the jsp file: [/index.jsp]
Statement cannot be resolved to a variable
13:     Class.forName("com.mysql.jdbc.Driver");
14:     con = DriverManager.getConnection("jdbc:mysql://localhost/bookhub", user, "!Salmonfoodie22");
15:     out.println (db+ "database successfully opened.");
16:     <!-- Statement stmt = con.createStatement();
17: 	ResultSet rs = stmt.executeQuery("select * from cs157a.emp");
18: 	while (rs.next())
19: 		out.println(rs.getInt(1) + " " + rs.getString(2) + " " + rs.getInt(3));


An error occurred at line: [16] in the jsp file: [/index.jsp]
stmt cannot be resolved to a variable
13:     Class.forName("com.mysql.jdbc.Driver");
14:     con = DriverManager.getConnection("jdbc:mysql://localhost/bookhub", user, "!Salmonfoodie22");
15:     out.println (db+ "database successfully opened.");
16:     <!-- Statement stmt = con.createStatement();
17: 	ResultSet rs = stmt.executeQuery("select * from cs157a.emp");
18: 	while (rs.next())
19: 		out.println(rs.getInt(1) + " " + rs.getString(2) + " " + rs.getInt(3));


An error occurred at line: [17] in the jsp file: [/index.jsp]
stmt cannot be resolved
14:     con = DriverManager.getConnection("jdbc:mysql://localhost/bookhub", user, "!Salmonfoodie22");
15:     out.println (db+ "database successfully opened.");
16:     <!-- Statement stmt = con.createStatement();
17: 	ResultSet rs = stmt.executeQuery("select * from cs157a.emp");
18: 	while (rs.next())
19: 		out.println(rs.getInt(1) + " " + rs.getString(2) + " " + rs.getInt(3));
20:     }


An error occurred at line: [23] in the jsp file: [/index.jsp]
Syntax error on token ">", delete this token
20:     }
21:     catch(SQLException e) {
22:     out.println("SQLException caught: " +e.getMessage());
23:     } -->
24: %>
25: </body>
26: </html>


Stacktrace:] with root cause
	org.apache.jasper.JasperException: Unable to compile class for JSP: 

An error occurred at line: [16] in the jsp file: [/index.jsp]
Syntax error on token "<", assert expected
13:     Class.forName("com.mysql.jdbc.Driver");
14:     con = DriverManager.getConnection("jdbc:mysql://localhost/bookhub", user, "!Salmonfoodie22");
15:     out.println (db+ "database successfully opened.");
16:     <!-- Statement stmt = con.createStatement();
17: 	ResultSet rs = stmt.executeQuery("select * from cs157a.emp");
18: 	while (rs.next())
19: 		out.println(rs.getInt(1) + " " + rs.getString(2) + " " + rs.getInt(3));


An error occurred at line: [16] in the jsp file: [/index.jsp]
Syntax error, insert ";" to complete AssertStatement
13:     Class.forName("com.mysql.jdbc.Driver");
14:     con = DriverManager.getConnection("jdbc:mysql://localhost/bookhub", user, "!Salmonfoodie22");
15:     out.println (db+ "database successfully opened.");
16:     <!-- Statement stmt = con.createStatement();
17: 	ResultSet rs = stmt.executeQuery("select * from cs157a.emp");
18: 	while (rs.next())
19: 		out.println(rs.getInt(1) + " " + rs.getString(2) + " " + rs.getInt(3));


An error occurred at line: [16] in the jsp file: [/index.jsp]
Statement cannot be resolved to a variable
13:     Class.forName("com.mysql.jdbc.Driver");
14:     con = DriverManager.getConnection("jdbc:mysql://localhost/bookhub", user, "!Salmonfoodie22");
15:     out.println (db+ "database successfully opened.");
16:     <!-- Statement stmt = con.createStatement();
17: 	ResultSet rs = stmt.executeQuery("select * from cs157a.emp");
18: 	while (rs.next())
19: 		out.println(rs.getInt(1) + " " + rs.getString(2) + " " + rs.getInt(3));


An error occurred at line: [16] in the jsp file: [/index.jsp]
stmt cannot be resolved to a variable
13:     Class.forName("com.mysql.jdbc.Driver");
14:     con = DriverManager.getConnection("jdbc:mysql://localhost/bookhub", user, "!Salmonfoodie22");
15:     out.println (db+ "database successfully opened.");
16:     <!-- Statement stmt = con.createStatement();
17: 	ResultSet rs = stmt.executeQuery("select * from cs157a.emp");
18: 	while (rs.next())
19: 		out.println(rs.getInt(1) + " " + rs.getString(2) + " " + rs.getInt(3));


An error occurred at line: [17] in the jsp file: [/index.jsp]
stmt cannot be resolved
14:     con = DriverManager.getConnection("jdbc:mysql://localhost/bookhub", user, "!Salmonfoodie22");
15:     out.println (db+ "database successfully opened.");
16:     <!-- Statement stmt = con.createStatement();
17: 	ResultSet rs = stmt.executeQuery("select * from cs157a.emp");
18: 	while (rs.next())
19: 		out.println(rs.getInt(1) + " " + rs.getString(2) + " " + rs.getInt(3));
20:     }


An error occurred at line: [23] in the jsp file: [/index.jsp]
Syntax error on token ">", delete this token
20:     }
21:     catch(SQLException e) {
22:     out.println("SQLException caught: " +e.getMessage());
23:     } -->
24: %>
25: </body>
26: </html>


Stacktrace:
		at org.apache.jasper.compiler.DefaultErrorHandler.javacError(DefaultErrorHandler.java:103)
		at org.apache.jasper.compiler.ErrorDispatcher.javacError(ErrorDispatcher.java:213)
		at org.apache.jasper.compiler.JDTCompiler.generateClass(JDTCompiler.java:522)
		at org.apache.jasper.compiler.Compiler.compile(Compiler.java:392)
		at org.apache.jasper.compiler.Compiler.compile(Compiler.java:362)
		at org.apache.jasper.compiler.Compiler.compile(Compiler.java:346)
		at org.apache.jasper.JspCompilationContext.compile(JspCompilationContext.java:603)
		at org.apache.jasper.servlet.JspServletWrapper.service(JspServletWrapper.java:399)
		at org.apache.jasper.servlet.JspServlet.serviceJspFile(JspServlet.java:385)
		at org.apache.jasper.servlet.JspServlet.service(JspServlet.java:329)
		at javax.servlet.http.HttpServlet.service(HttpServlet.java:741)
		at org.apache.catalina.core.ApplicationFilterChain.internalDoFilter(ApplicationFilterChain.java:231)
		at org.apache.catalina.core.ApplicationFilterChain.doFilter(ApplicationFilterChain.java:166)
		at org.apache.tomcat.websocket.server.WsFilter.doFilter(WsFilter.java:53)
		at org.apache.catalina.core.ApplicationFilterChain.internalDoFilter(ApplicationFilterChain.java:193)
		at org.apache.catalina.core.ApplicationFilterChain.doFilter(ApplicationFilterChain.java:166)
		at org.apache.catalina.core.StandardWrapperValve.invoke(StandardWrapperValve.java:202)
		at org.apache.catalina.core.StandardContextValve.invoke(StandardContextValve.java:96)
		at org.apache.catalina.authenticator.AuthenticatorBase.invoke(AuthenticatorBase.java:526)
		at org.apache.catalina.core.StandardHostValve.invoke(StandardHostValve.java:139)
		at org.apache.catalina.valves.ErrorReportValve.invoke(ErrorReportValve.java:92)
		at org.apache.catalina.valves.AbstractAccessLogValve.invoke(AbstractAccessLogValve.java:678)
		at org.apache.catalina.core.StandardEngineValve.invoke(StandardEngineValve.java:74)
		at org.apache.catalina.connector.CoyoteAdapter.service(CoyoteAdapter.java:343)
		at org.apache.coyote.http11.Http11Processor.service(Http11Processor.java:408)
		at org.apache.coyote.AbstractProcessorLight.process(AbstractProcessorLight.java:66)
		at org.apache.coyote.AbstractProtocol$ConnectionHandler.process(AbstractProtocol.java:860)
		at org.apache.tomcat.util.net.NioEndpoint$SocketProcessor.doRun(NioEndpoint.java:1587)
		at org.apache.tomcat.util.net.SocketProcessorBase.run(SocketProcessorBase.java:49)
		at java.util.concurrent.ThreadPoolExecutor.runWorker(Unknown Source)
		at java.util.concurrent.ThreadPoolExecutor$Worker.run(Unknown Source)
		at org.apache.tomcat.util.threads.TaskThread$WrappingRunnable.run(TaskThread.java:61)
		at java.lang.Thread.run(Unknown Source)
25-Sep-2019 20:16:39.091 SEVERE [http-nio-8080-exec-2] org.apache.catalina.core.StandardWrapperValve.invoke Servlet.service() for servlet [jsp] in context with path [/bookhub] threw exception [Unable to compile class for JSP: 

An error occurred at line: [16] in the jsp file: [/index.jsp]
Syntax error on token "<", assert expected
13:     Class.forName("com.mysql.jdbc.Driver");
14:     con = DriverManager.getConnection("jdbc:mysql://localhost/bookhub", user, "!Salmonfoodie22");
15:     out.println (db+ "database successfully opened.");
16:     <!-- Statement stmt = con.createStatement();
17: 	ResultSet rs = stmt.executeQuery("select * from cs157a.emp");
18: 	while (rs.next())
19: 		out.println(rs.getInt(1) + " " + rs.getString(2) + " " + rs.getInt(3));


An error occurred at line: [16] in the jsp file: [/index.jsp]
Syntax error, insert ";" to complete AssertStatement
13:     Class.forName("com.mysql.jdbc.Driver");
14:     con = DriverManager.getConnection("jdbc:mysql://localhost/bookhub", user, "!Salmonfoodie22");
15:     out.println (db+ "database successfully opened.");
16:     <!-- Statement stmt = con.createStatement();
17: 	ResultSet rs = stmt.executeQuery("select * from cs157a.emp");
18: 	while (rs.next())
19: 		out.println(rs.getInt(1) + " " + rs.getString(2) + " " + rs.getInt(3));


An error occurred at line: [16] in the jsp file: [/index.jsp]
Statement cannot be resolved to a variable
13:     Class.forName("com.mysql.jdbc.Driver");
14:     con = DriverManager.getConnection("jdbc:mysql://localhost/bookhub", user, "!Salmonfoodie22");
15:     out.println (db+ "database successfully opened.");
16:     <!-- Statement stmt = con.createStatement();
17: 	ResultSet rs = stmt.executeQuery("select * from cs157a.emp");
18: 	while (rs.next())
19: 		out.println(rs.getInt(1) + " " + rs.getString(2) + " " + rs.getInt(3));


An error occurred at line: [16] in the jsp file: [/index.jsp]
stmt cannot be resolved to a variable
13:     Class.forName("com.mysql.jdbc.Driver");
14:     con = DriverManager.getConnection("jdbc:mysql://localhost/bookhub", user, "!Salmonfoodie22");
15:     out.println (db+ "database successfully opened.");
16:     <!-- Statement stmt = con.createStatement();
17: 	ResultSet rs = stmt.executeQuery("select * from cs157a.emp");
18: 	while (rs.next())
19: 		out.println(rs.getInt(1) + " " + rs.getString(2) + " " + rs.getInt(3));


An error occurred at line: [17] in the jsp file: [/index.jsp]
stmt cannot be resolved
14:     con = DriverManager.getConnection("jdbc:mysql://localhost/bookhub", user, "!Salmonfoodie22");
15:     out.println (db+ "database successfully opened.");
16:     <!-- Statement stmt = con.createStatement();
17: 	ResultSet rs = stmt.executeQuery("select * from cs157a.emp");
18: 	while (rs.next())
19: 		out.println(rs.getInt(1) + " " + rs.getString(2) + " " + rs.getInt(3));
20:     }


An error occurred at line: [23] in the jsp file: [/index.jsp]
Syntax error on token ">", delete this token
20:     }
21:     catch(SQLException e) {
22:     out.println("SQLException caught: " +e.getMessage());
23:     } -->
24: %>
25: </body>
26: </html>


Stacktrace:] with root cause
	org.apache.jasper.JasperException: Unable to compile class for JSP: 

An error occurred at line: [16] in the jsp file: [/index.jsp]
Syntax error on token "<", assert expected
13:     Class.forName("com.mysql.jdbc.Driver");
14:     con = DriverManager.getConnection("jdbc:mysql://localhost/bookhub", user, "!Salmonfoodie22");
15:     out.println (db+ "database successfully opened.");
16:     <!-- Statement stmt = con.createStatement();
17: 	ResultSet rs = stmt.executeQuery("select * from cs157a.emp");
18: 	while (rs.next())
19: 		out.println(rs.getInt(1) + " " + rs.getString(2) + " " + rs.getInt(3));


An error occurred at line: [16] in the jsp file: [/index.jsp]
Syntax error, insert ";" to complete AssertStatement
13:     Class.forName("com.mysql.jdbc.Driver");
14:     con = DriverManager.getConnection("jdbc:mysql://localhost/bookhub", user, "!Salmonfoodie22");
15:     out.println (db+ "database successfully opened.");
16:     <!-- Statement stmt = con.createStatement();
17: 	ResultSet rs = stmt.executeQuery("select * from cs157a.emp");
18: 	while (rs.next())
19: 		out.println(rs.getInt(1) + " " + rs.getString(2) + " " + rs.getInt(3));


An error occurred at line: [16] in the jsp file: [/index.jsp]
Statement cannot be resolved to a variable
13:     Class.forName("com.mysql.jdbc.Driver");
14:     con = DriverManager.getConnection("jdbc:mysql://localhost/bookhub", user, "!Salmonfoodie22");
15:     out.println (db+ "database successfully opened.");
16:     <!-- Statement stmt = con.createStatement();
17: 	ResultSet rs = stmt.executeQuery("select * from cs157a.emp");
18: 	while (rs.next())
19: 		out.println(rs.getInt(1) + " " + rs.getString(2) + " " + rs.getInt(3));


An error occurred at line: [16] in the jsp file: [/index.jsp]
stmt cannot be resolved to a variable
13:     Class.forName("com.mysql.jdbc.Driver");
14:     con = DriverManager.getConnection("jdbc:mysql://localhost/bookhub", user, "!Salmonfoodie22");
15:     out.println (db+ "database successfully opened.");
16:     <!-- Statement stmt = con.createStatement();
17: 	ResultSet rs = stmt.executeQuery("select * from cs157a.emp");
18: 	while (rs.next())
19: 		out.println(rs.getInt(1) + " " + rs.getString(2) + " " + rs.getInt(3));


An error occurred at line: [17] in the jsp file: [/index.jsp]
stmt cannot be resolved
14:     con = DriverManager.getConnection("jdbc:mysql://localhost/bookhub", user, "!Salmonfoodie22");
15:     out.println (db+ "database successfully opened.");
16:     <!-- Statement stmt = con.createStatement();
17: 	ResultSet rs = stmt.executeQuery("select * from cs157a.emp");
18: 	while (rs.next())
19: 		out.println(rs.getInt(1) + " " + rs.getString(2) + " " + rs.getInt(3));
20:     }


An error occurred at line: [23] in the jsp file: [/index.jsp]
Syntax error on token ">", delete this token
20:     }
21:     catch(SQLException e) {
22:     out.println("SQLException caught: " +e.getMessage());
23:     } -->
24: %>
25: </body>
26: </html>


Stacktrace:
		at org.apache.jasper.compiler.DefaultErrorHandler.javacError(DefaultErrorHandler.java:103)
		at org.apache.jasper.compiler.ErrorDispatcher.javacError(ErrorDispatcher.java:213)
		at org.apache.jasper.compiler.JDTCompiler.generateClass(JDTCompiler.java:522)
		at org.apache.jasper.compiler.Compiler.compile(Compiler.java:392)
		at org.apache.jasper.compiler.Compiler.compile(Compiler.java:362)
		at org.apache.jasper.compiler.Compiler.compile(Compiler.java:346)
		at org.apache.jasper.JspCompilationContext.compile(JspCompilationContext.java:603)
		at org.apache.jasper.servlet.JspServletWrapper.service(JspServletWrapper.java:399)
		at org.apache.jasper.servlet.JspServlet.serviceJspFile(JspServlet.java:385)
		at org.apache.jasper.servlet.JspServlet.service(JspServlet.java:329)
		at javax.servlet.http.HttpServlet.service(HttpServlet.java:741)
		at org.apache.catalina.core.ApplicationFilterChain.internalDoFilter(ApplicationFilterChain.java:231)
		at org.apache.catalina.core.ApplicationFilterChain.doFilter(ApplicationFilterChain.java:166)
		at org.apache.tomcat.websocket.server.WsFilter.doFilter(WsFilter.java:53)
		at org.apache.catalina.core.ApplicationFilterChain.internalDoFilter(ApplicationFilterChain.java:193)
		at org.apache.catalina.core.ApplicationFilterChain.doFilter(ApplicationFilterChain.java:166)
		at org.apache.catalina.core.StandardWrapperValve.invoke(StandardWrapperValve.java:202)
		at org.apache.catalina.core.StandardContextValve.invoke(StandardContextValve.java:96)
		at org.apache.catalina.authenticator.AuthenticatorBase.invoke(AuthenticatorBase.java:526)
		at org.apache.catalina.core.StandardHostValve.invoke(StandardHostValve.java:139)
		at org.apache.catalina.valves.ErrorReportValve.invoke(ErrorReportValve.java:92)
		at org.apache.catalina.valves.AbstractAccessLogValve.invoke(AbstractAccessLogValve.java:678)
		at org.apache.catalina.core.StandardEngineValve.invoke(StandardEngineValve.java:74)
		at org.apache.catalina.connector.CoyoteAdapter.service(CoyoteAdapter.java:343)
		at org.apache.coyote.http11.Http11Processor.service(Http11Processor.java:408)
		at org.apache.coyote.AbstractProcessorLight.process(AbstractProcessorLight.java:66)
		at org.apache.coyote.AbstractProtocol$ConnectionHandler.process(AbstractProtocol.java:860)
		at org.apache.tomcat.util.net.NioEndpoint$SocketProcessor.doRun(NioEndpoint.java:1587)
		at org.apache.tomcat.util.net.SocketProcessorBase.run(SocketProcessorBase.java:49)
		at java.util.concurrent.ThreadPoolExecutor.runWorker(Unknown Source)
		at java.util.concurrent.ThreadPoolExecutor$Worker.run(Unknown Source)
		at org.apache.tomcat.util.threads.TaskThread$WrappingRunnable.run(TaskThread.java:61)
		at java.lang.Thread.run(Unknown Source)
25-Sep-2019 20:17:03.154 SEVERE [http-nio-8080-exec-4] org.apache.catalina.core.StandardWrapperValve.invoke Servlet.service() for servlet [jsp] in context with path [/bookhub] threw exception [Unable to compile class for JSP: 

An error occurred at line: [16] in the jsp file: [/index.jsp]
Syntax error on token "<", assert expected
13:     Class.forName("com.mysql.jdbc.Driver");
14:     con = DriverManager.getConnection("jdbc:mysql://localhost/bookhub", user, "!Salmonfoodie22");
15:     out.println (db+ "database successfully opened.");
16:     <!-- Statement stmt = con.createStatement();
17: 	ResultSet rs = stmt.executeQuery("select * from cs157a.emp");
18: 	while (rs.next())
19: 		out.println(rs.getInt(1) + " " + rs.getString(2) + " " + rs.getInt(3));


An error occurred at line: [16] in the jsp file: [/index.jsp]
Syntax error, insert ";" to complete AssertStatement
13:     Class.forName("com.mysql.jdbc.Driver");
14:     con = DriverManager.getConnection("jdbc:mysql://localhost/bookhub", user, "!Salmonfoodie22");
15:     out.println (db+ "database successfully opened.");
16:     <!-- Statement stmt = con.createStatement();
17: 	ResultSet rs = stmt.executeQuery("select * from cs157a.emp");
18: 	while (rs.next())
19: 		out.println(rs.getInt(1) + " " + rs.getString(2) + " " + rs.getInt(3));


An error occurred at line: [16] in the jsp file: [/index.jsp]
Statement cannot be resolved to a variable
13:     Class.forName("com.mysql.jdbc.Driver");
14:     con = DriverManager.getConnection("jdbc:mysql://localhost/bookhub", user, "!Salmonfoodie22");
15:     out.println (db+ "database successfully opened.");
16:     <!-- Statement stmt = con.createStatement();
17: 	ResultSet rs = stmt.executeQuery("select * from cs157a.emp");
18: 	while (rs.next())
19: 		out.println(rs.getInt(1) + " " + rs.getString(2) + " " + rs.getInt(3));


An error occurred at line: [16] in the jsp file: [/index.jsp]
stmt cannot be resolved to a variable
13:     Class.forName("com.mysql.jdbc.Driver");
14:     con = DriverManager.getConnection("jdbc:mysql://localhost/bookhub", user, "!Salmonfoodie22");
15:     out.println (db+ "database successfully opened.");
16:     <!-- Statement stmt = con.createStatement();
17: 	ResultSet rs = stmt.executeQuery("select * from cs157a.emp");
18: 	while (rs.next())
19: 		out.println(rs.getInt(1) + " " + rs.getString(2) + " " + rs.getInt(3));


An error occurred at line: [17] in the jsp file: [/index.jsp]
stmt cannot be resolved
14:     con = DriverManager.getConnection("jdbc:mysql://localhost/bookhub", user, "!Salmonfoodie22");
15:     out.println (db+ "database successfully opened.");
16:     <!-- Statement stmt = con.createStatement();
17: 	ResultSet rs = stmt.executeQuery("select * from cs157a.emp");
18: 	while (rs.next())
19: 		out.println(rs.getInt(1) + " " + rs.getString(2) + " " + rs.getInt(3));
20:     }


An error occurred at line: [23] in the jsp file: [/index.jsp]
Syntax error on token ">", delete this token
20:     }
21:     catch(SQLException e) {
22:     out.println("SQLException caught: " +e.getMessage());
23:     } -->
24: %>
25: </body>
26: </html>


Stacktrace:] with root cause
	org.apache.jasper.JasperException: Unable to compile class for JSP: 

An error occurred at line: [16] in the jsp file: [/index.jsp]
Syntax error on token "<", assert expected
13:     Class.forName("com.mysql.jdbc.Driver");
14:     con = DriverManager.getConnection("jdbc:mysql://localhost/bookhub", user, "!Salmonfoodie22");
15:     out.println (db+ "database successfully opened.");
16:     <!-- Statement stmt = con.createStatement();
17: 	ResultSet rs = stmt.executeQuery("select * from cs157a.emp");
18: 	while (rs.next())
19: 		out.println(rs.getInt(1) + " " + rs.getString(2) + " " + rs.getInt(3));


An error occurred at line: [16] in the jsp file: [/index.jsp]
Syntax error, insert ";" to complete AssertStatement
13:     Class.forName("com.mysql.jdbc.Driver");
14:     con = DriverManager.getConnection("jdbc:mysql://localhost/bookhub", user, "!Salmonfoodie22");
15:     out.println (db+ "database successfully opened.");
16:     <!-- Statement stmt = con.createStatement();
17: 	ResultSet rs = stmt.executeQuery("select * from cs157a.emp");
18: 	while (rs.next())
19: 		out.println(rs.getInt(1) + " " + rs.getString(2) + " " + rs.getInt(3));


An error occurred at line: [16] in the jsp file: [/index.jsp]
Statement cannot be resolved to a variable
13:     Class.forName("com.mysql.jdbc.Driver");
14:     con = DriverManager.getConnection("jdbc:mysql://localhost/bookhub", user, "!Salmonfoodie22");
15:     out.println (db+ "database successfully opened.");
16:     <!-- Statement stmt = con.createStatement();
17: 	ResultSet rs = stmt.executeQuery("select * from cs157a.emp");
18: 	while (rs.next())
19: 		out.println(rs.getInt(1) + " " + rs.getString(2) + " " + rs.getInt(3));


An error occurred at line: [16] in the jsp file: [/index.jsp]
stmt cannot be resolved to a variable
13:     Class.forName("com.mysql.jdbc.Driver");
14:     con = DriverManager.getConnection("jdbc:mysql://localhost/bookhub", user, "!Salmonfoodie22");
15:     out.println (db+ "database successfully opened.");
16:     <!-- Statement stmt = con.createStatement();
17: 	ResultSet rs = stmt.executeQuery("select * from cs157a.emp");
18: 	while (rs.next())
19: 		out.println(rs.getInt(1) + " " + rs.getString(2) + " " + rs.getInt(3));


An error occurred at line: [17] in the jsp file: [/index.jsp]
stmt cannot be resolved
14:     con = DriverManager.getConnection("jdbc:mysql://localhost/bookhub", user, "!Salmonfoodie22");
15:     out.println (db+ "database successfully opened.");
16:     <!-- Statement stmt = con.createStatement();
17: 	ResultSet rs = stmt.executeQuery("select * from cs157a.emp");
18: 	while (rs.next())
19: 		out.println(rs.getInt(1) + " " + rs.getString(2) + " " + rs.getInt(3));
20:     }


An error occurred at line: [23] in the jsp file: [/index.jsp]
Syntax error on token ">", delete this token
20:     }
21:     catch(SQLException e) {
22:     out.println("SQLException caught: " +e.getMessage());
23:     } -->
24: %>
25: </body>
26: </html>


Stacktrace:
		at org.apache.jasper.compiler.DefaultErrorHandler.javacError(DefaultErrorHandler.java:103)
		at org.apache.jasper.compiler.ErrorDispatcher.javacError(ErrorDispatcher.java:213)
		at org.apache.jasper.compiler.JDTCompiler.generateClass(JDTCompiler.java:522)
		at org.apache.jasper.compiler.Compiler.compile(Compiler.java:392)
		at org.apache.jasper.compiler.Compiler.compile(Compiler.java:362)
		at org.apache.jasper.compiler.Compiler.compile(Compiler.java:346)
		at org.apache.jasper.JspCompilationContext.compile(JspCompilationContext.java:603)
		at org.apache.jasper.servlet.JspServletWrapper.service(JspServletWrapper.java:399)
		at org.apache.jasper.servlet.JspServlet.serviceJspFile(JspServlet.java:385)
		at org.apache.jasper.servlet.JspServlet.service(JspServlet.java:329)
		at javax.servlet.http.HttpServlet.service(HttpServlet.java:741)
		at org.apache.catalina.core.ApplicationFilterChain.internalDoFilter(ApplicationFilterChain.java:231)
		at org.apache.catalina.core.ApplicationFilterChain.doFilter(ApplicationFilterChain.java:166)
		at org.apache.tomcat.websocket.server.WsFilter.doFilter(WsFilter.java:53)
		at org.apache.catalina.core.ApplicationFilterChain.internalDoFilter(ApplicationFilterChain.java:193)
		at org.apache.catalina.core.ApplicationFilterChain.doFilter(ApplicationFilterChain.java:166)
		at org.apache.catalina.core.StandardWrapperValve.invoke(StandardWrapperValve.java:202)
		at org.apache.catalina.core.StandardContextValve.invoke(StandardContextValve.java:96)
		at org.apache.catalina.authenticator.AuthenticatorBase.invoke(AuthenticatorBase.java:526)
		at org.apache.catalina.core.StandardHostValve.invoke(StandardHostValve.java:139)
		at org.apache.catalina.valves.ErrorReportValve.invoke(ErrorReportValve.java:92)
		at org.apache.catalina.valves.AbstractAccessLogValve.invoke(AbstractAccessLogValve.java:678)
		at org.apache.catalina.core.StandardEngineValve.invoke(StandardEngineValve.java:74)
		at org.apache.catalina.connector.CoyoteAdapter.service(CoyoteAdapter.java:343)
		at org.apache.coyote.http11.Http11Processor.service(Http11Processor.java:408)
		at org.apache.coyote.AbstractProcessorLight.process(AbstractProcessorLight.java:66)
		at org.apache.coyote.AbstractProtocol$ConnectionHandler.process(AbstractProtocol.java:860)
		at org.apache.tomcat.util.net.NioEndpoint$SocketProcessor.doRun(NioEndpoint.java:1587)
		at org.apache.tomcat.util.net.SocketProcessorBase.run(SocketProcessorBase.java:49)
		at java.util.concurrent.ThreadPoolExecutor.runWorker(Unknown Source)
		at java.util.concurrent.ThreadPoolExecutor$Worker.run(Unknown Source)
		at org.apache.tomcat.util.threads.TaskThread$WrappingRunnable.run(TaskThread.java:61)
		at java.lang.Thread.run(Unknown Source)
25-Sep-2019 20:17:26.699 INFO [main] org.apache.catalina.core.ApplicationContext.log ContextListener: contextInitialized()
25-Sep-2019 20:17:26.700 INFO [main] org.apache.catalina.core.ApplicationContext.log SessionListener: contextInitialized()
25-Sep-2019 20:17:26.701 INFO [main] org.apache.catalina.core.ApplicationContext.log ContextListener: attributeAdded('StockTicker', 'async.Stockticker@217ed35e')
25-Sep-2019 20:17:27.013 INFO [main] org.apache.catalina.core.ApplicationContext.log ContextListener: contextInitialized()
25-Sep-2019 20:17:27.013 INFO [main] org.apache.catalina.core.ApplicationContext.log SessionListener: contextInitialized()
25-Sep-2019 20:17:27.019 INFO [main] org.apache.catalina.core.ApplicationContext.log ContextListener: attributeAdded('StockTicker', 'async.Stockticker@273e7444')
25-Sep-2019 20:17:27.202 INFO [main] org.apache.catalina.core.ApplicationContext.log SessionListener: contextDestroyed()
25-Sep-2019 20:17:27.202 INFO [main] org.apache.catalina.core.ApplicationContext.log ContextListener: contextDestroyed()
25-Sep-2019 20:17:27.213 INFO [main] org.apache.catalina.core.ApplicationContext.log SessionListener: contextDestroyed()
25-Sep-2019 20:17:27.213 INFO [main] org.apache.catalina.core.ApplicationContext.log ContextListener: contextDestroyed()
25-Sep-2019 20:17:36.896 SEVERE [http-nio-8080-exec-6] org.apache.catalina.core.StandardWrapperValve.invoke Servlet.service() for servlet [jsp] in context with path [/bookhub] threw exception [Unable to compile class for JSP: 

An error occurred at line: [16] in the jsp file: [/index.jsp]
Syntax error on token "<", assert expected
13:     Class.forName("com.mysql.jdbc.Driver");
14:     con = DriverManager.getConnection("jdbc:mysql://localhost/bookhub", user, "!Salmonfoodie22");
15:     out.println (db+ "database successfully opened.");
16:     <!-- Statement stmt = con.createStatement();
17: 	ResultSet rs = stmt.executeQuery("select * from cs157a.emp");
18: 	while (rs.next())
19: 		out.println(rs.getInt(1) + " " + rs.getString(2) + " " + rs.getInt(3));


An error occurred at line: [16] in the jsp file: [/index.jsp]
Syntax error, insert ";" to complete AssertStatement
13:     Class.forName("com.mysql.jdbc.Driver");
14:     con = DriverManager.getConnection("jdbc:mysql://localhost/bookhub", user, "!Salmonfoodie22");
15:     out.println (db+ "database successfully opened.");
16:     <!-- Statement stmt = con.createStatement();
17: 	ResultSet rs = stmt.executeQuery("select * from cs157a.emp");
18: 	while (rs.next())
19: 		out.println(rs.getInt(1) + " " + rs.getString(2) + " " + rs.getInt(3));


An error occurred at line: [16] in the jsp file: [/index.jsp]
Statement cannot be resolved to a variable
13:     Class.forName("com.mysql.jdbc.Driver");
14:     con = DriverManager.getConnection("jdbc:mysql://localhost/bookhub", user, "!Salmonfoodie22");
15:     out.println (db+ "database successfully opened.");
16:     <!-- Statement stmt = con.createStatement();
17: 	ResultSet rs = stmt.executeQuery("select * from cs157a.emp");
18: 	while (rs.next())
19: 		out.println(rs.getInt(1) + " " + rs.getString(2) + " " + rs.getInt(3));


An error occurred at line: [16] in the jsp file: [/index.jsp]
stmt cannot be resolved to a variable
13:     Class.forName("com.mysql.jdbc.Driver");
14:     con = DriverManager.getConnection("jdbc:mysql://localhost/bookhub", user, "!Salmonfoodie22");
15:     out.println (db+ "database successfully opened.");
16:     <!-- Statement stmt = con.createStatement();
17: 	ResultSet rs = stmt.executeQuery("select * from cs157a.emp");
18: 	while (rs.next())
19: 		out.println(rs.getInt(1) + " " + rs.getString(2) + " " + rs.getInt(3));


An error occurred at line: [17] in the jsp file: [/index.jsp]
stmt cannot be resolved
14:     con = DriverManager.getConnection("jdbc:mysql://localhost/bookhub", user, "!Salmonfoodie22");
15:     out.println (db+ "database successfully opened.");
16:     <!-- Statement stmt = con.createStatement();
17: 	ResultSet rs = stmt.executeQuery("select * from cs157a.emp");
18: 	while (rs.next())
19: 		out.println(rs.getInt(1) + " " + rs.getString(2) + " " + rs.getInt(3));
20:     }


An error occurred at line: [23] in the jsp file: [/index.jsp]
Syntax error on token ">", delete this token
20:     }
21:     catch(SQLException e) {
22:     out.println("SQLException caught: " +e.getMessage());
23:     } -->
24: %>
25: </body>
26: </html>


Stacktrace:] with root cause
	org.apache.jasper.JasperException: Unable to compile class for JSP: 

An error occurred at line: [16] in the jsp file: [/index.jsp]
Syntax error on token "<", assert expected
13:     Class.forName("com.mysql.jdbc.Driver");
14:     con = DriverManager.getConnection("jdbc:mysql://localhost/bookhub", user, "!Salmonfoodie22");
15:     out.println (db+ "database successfully opened.");
16:     <!-- Statement stmt = con.createStatement();
17: 	ResultSet rs = stmt.executeQuery("select * from cs157a.emp");
18: 	while (rs.next())
19: 		out.println(rs.getInt(1) + " " + rs.getString(2) + " " + rs.getInt(3));


An error occurred at line: [16] in the jsp file: [/index.jsp]
Syntax error, insert ";" to complete AssertStatement
13:     Class.forName("com.mysql.jdbc.Driver");
14:     con = DriverManager.getConnection("jdbc:mysql://localhost/bookhub", user, "!Salmonfoodie22");
15:     out.println (db+ "database successfully opened.");
16:     <!-- Statement stmt = con.createStatement();
17: 	ResultSet rs = stmt.executeQuery("select * from cs157a.emp");
18: 	while (rs.next())
19: 		out.println(rs.getInt(1) + " " + rs.getString(2) + " " + rs.getInt(3));


An error occurred at line: [16] in the jsp file: [/index.jsp]
Statement cannot be resolved to a variable
13:     Class.forName("com.mysql.jdbc.Driver");
14:     con = DriverManager.getConnection("jdbc:mysql://localhost/bookhub", user, "!Salmonfoodie22");
15:     out.println (db+ "database successfully opened.");
16:     <!-- Statement stmt = con.createStatement();
17: 	ResultSet rs = stmt.executeQuery("select * from cs157a.emp");
18: 	while (rs.next())
19: 		out.println(rs.getInt(1) + " " + rs.getString(2) + " " + rs.getInt(3));


An error occurred at line: [16] in the jsp file: [/index.jsp]
stmt cannot be resolved to a variable
13:     Class.forName("com.mysql.jdbc.Driver");
14:     con = DriverManager.getConnection("jdbc:mysql://localhost/bookhub", user, "!Salmonfoodie22");
15:     out.println (db+ "database successfully opened.");
16:     <!-- Statement stmt = con.createStatement();
17: 	ResultSet rs = stmt.executeQuery("select * from cs157a.emp");
18: 	while (rs.next())
19: 		out.println(rs.getInt(1) + " " + rs.getString(2) + " " + rs.getInt(3));


An error occurred at line: [17] in the jsp file: [/index.jsp]
stmt cannot be resolved
14:     con = DriverManager.getConnection("jdbc:mysql://localhost/bookhub", user, "!Salmonfoodie22");
15:     out.println (db+ "database successfully opened.");
16:     <!-- Statement stmt = con.createStatement();
17: 	ResultSet rs = stmt.executeQuery("select * from cs157a.emp");
18: 	while (rs.next())
19: 		out.println(rs.getInt(1) + " " + rs.getString(2) + " " + rs.getInt(3));
20:     }


An error occurred at line: [23] in the jsp file: [/index.jsp]
Syntax error on token ">", delete this token
20:     }
21:     catch(SQLException e) {
22:     out.println("SQLException caught: " +e.getMessage());
23:     } -->
24: %>
25: </body>
26: </html>


Stacktrace:
		at org.apache.jasper.compiler.DefaultErrorHandler.javacError(DefaultErrorHandler.java:103)
		at org.apache.jasper.compiler.ErrorDispatcher.javacError(ErrorDispatcher.java:213)
		at org.apache.jasper.compiler.JDTCompiler.generateClass(JDTCompiler.java:522)
		at org.apache.jasper.compiler.Compiler.compile(Compiler.java:392)
		at org.apache.jasper.compiler.Compiler.compile(Compiler.java:362)
		at org.apache.jasper.compiler.Compiler.compile(Compiler.java:346)
		at org.apache.jasper.JspCompilationContext.compile(JspCompilationContext.java:603)
		at org.apache.jasper.servlet.JspServletWrapper.service(JspServletWrapper.java:399)
		at org.apache.jasper.servlet.JspServlet.serviceJspFile(JspServlet.java:385)
		at org.apache.jasper.servlet.JspServlet.service(JspServlet.java:329)
		at javax.servlet.http.HttpServlet.service(HttpServlet.java:741)
		at org.apache.catalina.core.ApplicationFilterChain.internalDoFilter(ApplicationFilterChain.java:231)
		at org.apache.catalina.core.ApplicationFilterChain.doFilter(ApplicationFilterChain.java:166)
		at org.apache.tomcat.websocket.server.WsFilter.doFilter(WsFilter.java:53)
		at org.apache.catalina.core.ApplicationFilterChain.internalDoFilter(ApplicationFilterChain.java:193)
		at org.apache.catalina.core.ApplicationFilterChain.doFilter(ApplicationFilterChain.java:166)
		at org.apache.catalina.core.StandardWrapperValve.invoke(StandardWrapperValve.java:202)
		at org.apache.catalina.core.StandardContextValve.invoke(StandardContextValve.java:96)
		at org.apache.catalina.authenticator.AuthenticatorBase.invoke(AuthenticatorBase.java:526)
		at org.apache.catalina.core.StandardHostValve.invoke(StandardHostValve.java:139)
		at org.apache.catalina.valves.ErrorReportValve.invoke(ErrorReportValve.java:92)
		at org.apache.catalina.valves.AbstractAccessLogValve.invoke(AbstractAccessLogValve.java:678)
		at org.apache.catalina.core.StandardEngineValve.invoke(StandardEngineValve.java:74)
		at org.apache.catalina.connector.CoyoteAdapter.service(CoyoteAdapter.java:343)
		at org.apache.coyote.http11.Http11Processor.service(Http11Processor.java:408)
		at org.apache.coyote.AbstractProcessorLight.process(AbstractProcessorLight.java:66)
		at org.apache.coyote.AbstractProtocol$ConnectionHandler.process(AbstractProtocol.java:860)
		at org.apache.tomcat.util.net.NioEndpoint$SocketProcessor.doRun(NioEndpoint.java:1587)
		at org.apache.tomcat.util.net.SocketProcessorBase.run(SocketProcessorBase.java:49)
		at java.util.concurrent.ThreadPoolExecutor.runWorker(Unknown Source)
		at java.util.concurrent.ThreadPoolExecutor$Worker.run(Unknown Source)
		at org.apache.tomcat.util.threads.TaskThread$WrappingRunnable.run(TaskThread.java:61)
		at java.lang.Thread.run(Unknown Source)
25-Sep-2019 20:17:49.310 INFO [main] org.apache.catalina.core.ApplicationContext.log ContextListener: contextInitialized()
25-Sep-2019 20:17:49.310 INFO [main] org.apache.catalina.core.ApplicationContext.log SessionListener: contextInitialized()
25-Sep-2019 20:17:49.311 INFO [main] org.apache.catalina.core.ApplicationContext.log ContextListener: attributeAdded('StockTicker', 'async.Stockticker@217ed35e')
25-Sep-2019 20:17:49.631 INFO [main] org.apache.catalina.core.ApplicationContext.log ContextListener: contextInitialized()
25-Sep-2019 20:17:49.631 INFO [main] org.apache.catalina.core.ApplicationContext.log SessionListener: contextInitialized()
25-Sep-2019 20:17:49.631 INFO [main] org.apache.catalina.core.ApplicationContext.log ContextListener: attributeAdded('StockTicker', 'async.Stockticker@273e7444')
25-Sep-2019 20:17:49.812 INFO [main] org.apache.catalina.core.ApplicationContext.log SessionListener: contextDestroyed()
25-Sep-2019 20:17:49.813 INFO [main] org.apache.catalina.core.ApplicationContext.log ContextListener: contextDestroyed()
25-Sep-2019 20:17:49.823 INFO [main] org.apache.catalina.core.ApplicationContext.log SessionListener: contextDestroyed()
25-Sep-2019 20:17:49.823 INFO [main] org.apache.catalina.core.ApplicationContext.log ContextListener: contextDestroyed()
25-Sep-2019 20:18:39.797 INFO [main] org.apache.catalina.core.ApplicationContext.log ContextListener: contextInitialized()
25-Sep-2019 20:18:39.797 INFO [main] org.apache.catalina.core.ApplicationContext.log SessionListener: contextInitialized()
25-Sep-2019 20:18:39.801 INFO [main] org.apache.catalina.core.ApplicationContext.log ContextListener: attributeAdded('StockTicker', 'async.Stockticker@217ed35e')
25-Sep-2019 20:18:40.110 INFO [main] org.apache.catalina.core.ApplicationContext.log ContextListener: contextInitialized()
25-Sep-2019 20:18:40.110 INFO [main] org.apache.catalina.core.ApplicationContext.log SessionListener: contextInitialized()
25-Sep-2019 20:18:40.112 INFO [main] org.apache.catalina.core.ApplicationContext.log ContextListener: attributeAdded('StockTicker', 'async.Stockticker@273e7444')
25-Sep-2019 20:18:40.275 INFO [main] org.apache.catalina.core.ApplicationContext.log SessionListener: contextDestroyed()
25-Sep-2019 20:18:40.275 INFO [main] org.apache.catalina.core.ApplicationContext.log ContextListener: contextDestroyed()
25-Sep-2019 20:18:40.284 INFO [main] org.apache.catalina.core.ApplicationContext.log SessionListener: contextDestroyed()
25-Sep-2019 20:18:40.284 INFO [main] org.apache.catalina.core.ApplicationContext.log ContextListener: contextDestroyed()
25-Sep-2019 20:18:53.909 INFO [main] org.apache.catalina.core.ApplicationContext.log ContextListener: contextInitialized()
25-Sep-2019 20:18:53.909 INFO [main] org.apache.catalina.core.ApplicationContext.log SessionListener: contextInitialized()
25-Sep-2019 20:18:53.915 INFO [main] org.apache.catalina.core.ApplicationContext.log ContextListener: attributeAdded('StockTicker', 'async.Stockticker@7dcf94f8')
25-Sep-2019 20:18:54.243 INFO [main] org.apache.catalina.core.ApplicationContext.log ContextListener: contextInitialized()
25-Sep-2019 20:18:54.243 INFO [main] org.apache.catalina.core.ApplicationContext.log SessionListener: contextInitialized()
25-Sep-2019 20:18:54.244 INFO [main] org.apache.catalina.core.ApplicationContext.log ContextListener: attributeAdded('StockTicker', 'async.Stockticker@7db12bb6')
25-Sep-2019 20:18:54.403 INFO [main] org.apache.catalina.core.ApplicationContext.log SessionListener: contextDestroyed()
25-Sep-2019 20:18:54.403 INFO [main] org.apache.catalina.core.ApplicationContext.log ContextListener: contextDestroyed()
25-Sep-2019 20:18:54.413 INFO [main] org.apache.catalina.core.ApplicationContext.log SessionListener: contextDestroyed()
25-Sep-2019 20:18:54.413 INFO [main] org.apache.catalina.core.ApplicationContext.log ContextListener: contextDestroyed()
25-Sep-2019 20:23:30.705 INFO [main] org.apache.catalina.core.ApplicationContext.log ContextListener: contextInitialized()
25-Sep-2019 20:23:30.705 INFO [main] org.apache.catalina.core.ApplicationContext.log SessionListener: contextInitialized()
25-Sep-2019 20:23:30.708 INFO [main] org.apache.catalina.core.ApplicationContext.log ContextListener: attributeAdded('StockTicker', 'async.Stockticker@7dcf94f8')
25-Sep-2019 20:23:31.037 INFO [main] org.apache.catalina.core.ApplicationContext.log ContextListener: contextInitialized()
25-Sep-2019 20:23:31.037 INFO [main] org.apache.catalina.core.ApplicationContext.log SessionListener: contextInitialized()
25-Sep-2019 20:23:31.041 INFO [main] org.apache.catalina.core.ApplicationContext.log ContextListener: attributeAdded('StockTicker', 'async.Stockticker@7db12bb6')
25-Sep-2019 20:23:31.223 INFO [main] org.apache.catalina.core.ApplicationContext.log SessionListener: contextDestroyed()
25-Sep-2019 20:23:31.223 INFO [main] org.apache.catalina.core.ApplicationContext.log ContextListener: contextDestroyed()
25-Sep-2019 20:23:31.237 INFO [main] org.apache.catalina.core.ApplicationContext.log SessionListener: contextDestroyed()
25-Sep-2019 20:23:31.237 INFO [main] org.apache.catalina.core.ApplicationContext.log ContextListener: contextDestroyed()
25-Sep-2019 20:31:52.838 INFO [Catalina-utility-2] org.apache.catalina.core.ApplicationContext.log SessionListener: contextDestroyed()
25-Sep-2019 20:31:52.838 INFO [Catalina-utility-2] org.apache.catalina.core.ApplicationContext.log ContextListener: contextDestroyed()
