16-Sep-2019 13:37:40.689 INFO [main] org.apache.catalina.core.ApplicationContext.log ContextListener: contextInitialized()
16-Sep-2019 13:37:40.689 INFO [main] org.apache.catalina.core.ApplicationContext.log SessionListener: contextInitialized()
16-Sep-2019 13:37:40.691 INFO [main] org.apache.catalina.core.ApplicationContext.log ContextListener: attributeAdded('StockTicker', 'async.Stockticker@55b0dcab')
16-Sep-2019 13:37:42.265 INFO [main] org.apache.catalina.core.ApplicationContext.log ContextListener: contextInitialized()
16-Sep-2019 13:37:42.265 INFO [main] org.apache.catalina.core.ApplicationContext.log SessionListener: contextInitialized()
16-Sep-2019 13:37:42.266 INFO [main] org.apache.catalina.core.ApplicationContext.log ContextListener: attributeAdded('StockTicker', 'async.Stockticker@738dc9b')
16-Sep-2019 13:39:18.258 INFO [http-nio-8080-exec-4] org.apache.catalina.core.ApplicationContext.log ContextListener: attributeAdded('org.apache.jasper.runtime.JspApplicationContextImpl', 'org.apache.jasper.runtime.JspApplicationContextImpl@30a5a7b3')
16-Sep-2019 13:39:18.282 INFO [http-nio-8080-exec-4] org.apache.catalina.core.ApplicationContext.log ContextListener: attributeAdded('org.apache.jasper.compiler.ELInterpreter', 'org.apache.jasper.compiler.ELInterpreterFactory$DefaultELInterpreter@62358e68')
16-Sep-2019 13:39:19.485 INFO [http-nio-8080-exec-4] org.apache.catalina.core.ApplicationContext.log SessionListener: sessionCreated('0D22B75807647B1CC1434EE67E4C7C90')
16-Sep-2019 13:52:10.272 INFO [main] org.apache.catalina.core.ApplicationContext.log ContextListener: contextInitialized()
16-Sep-2019 13:52:10.273 INFO [main] org.apache.catalina.core.ApplicationContext.log SessionListener: contextInitialized()
16-Sep-2019 13:52:10.274 INFO [main] org.apache.catalina.core.ApplicationContext.log ContextListener: attributeAdded('StockTicker', 'async.Stockticker@7d20d0b')
16-Sep-2019 13:52:10.537 INFO [main] org.apache.catalina.core.ApplicationContext.log ContextListener: contextInitialized()
16-Sep-2019 13:52:10.537 INFO [main] org.apache.catalina.core.ApplicationContext.log SessionListener: contextInitialized()
16-Sep-2019 13:52:10.542 INFO [main] org.apache.catalina.core.ApplicationContext.log ContextListener: attributeAdded('StockTicker', 'async.Stockticker@1e6a3214')
16-Sep-2019 13:52:10.668 INFO [main] org.apache.catalina.core.ApplicationContext.log SessionListener: contextDestroyed()
16-Sep-2019 13:52:10.668 INFO [main] org.apache.catalina.core.ApplicationContext.log ContextListener: contextDestroyed()
16-Sep-2019 13:52:10.671 INFO [main] org.apache.catalina.core.ApplicationContext.log SessionListener: contextDestroyed()
16-Sep-2019 13:52:10.671 INFO [main] org.apache.catalina.core.ApplicationContext.log ContextListener: contextDestroyed()
16-Sep-2019 13:53:38.292 INFO [Thread-5] org.apache.catalina.core.ApplicationContext.log SessionListener: contextDestroyed()
16-Sep-2019 13:53:38.292 INFO [Thread-5] org.apache.catalina.core.ApplicationContext.log ContextListener: contextDestroyed()
16-Sep-2019 13:53:38.323 INFO [Thread-5] org.apache.catalina.core.ApplicationContext.log SessionListener: contextDestroyed()
16-Sep-2019 13:53:38.323 INFO [Thread-5] org.apache.catalina.core.ApplicationContext.log ContextListener: contextDestroyed()
